Compiling the C compiler identification source file "CMakeCCompilerId.c" failed.
Compiler: /Library/Developer/CommandLineTools/usr/bin/cc 
Build flags: 
Id flags:  

The output was:
1
ld: library not found for -lSystem
clang: error: linker command failed with exit code 1 (use -v to see invocation)


Compiling the CXX compiler identification source file "CMakeCXXCompilerId.cpp" failed.
Compiler: /Library/Developer/CommandLineTools/usr/bin/c++ 
Build flags: 
Id flags:  

The output was:
1
ld: library not found for -lc++
clang: error: linker command failed with exit code 1 (use -v to see invocation)


Performing C SOURCE FILE Test JNI_INCLUDE_PATH2_OPTIONAL failed with the following output:
Change Dir: /Volumes/workplace/APLViewhostAndroid/src/APLViewhostAndroid/discovery/.cxx/cmake/debug/host/CMakeFiles/CMakeTmp

Run Build Command(s):/usr/bin/make -f Makefile cmTC_7071f/fast && /Library/Developer/CommandLineTools/usr/bin/make  -f CMakeFiles/cmTC_7071f.dir/build.make CMakeFiles/cmTC_7071f.dir/build
Building C object CMakeFiles/cmTC_7071f.dir/src.c.o
/Library/Developer/CommandLineTools/usr/bin/cc -DJNI_INCLUDE_PATH2_OPTIONAL -I/Library/Java/JavaVirtualMachines/amazon-corretto-11.jdk/Contents/Home/include -isysroot /Library/Developer/CommandLineTools/SDKs/MacOSX13.1.sdk -mmacosx-version-min=12.6 -fPIE -MD -MT CMakeFiles/cmTC_7071f.dir/src.c.o -MF CMakeFiles/cmTC_7071f.dir/src.c.o.d -o CMakeFiles/cmTC_7071f.dir/src.c.o -c /Volumes/workplace/APLViewhostAndroid/src/APLViewhostAndroid/discovery/.cxx/cmake/debug/host/CMakeFiles/CMakeTmp/src.c
In file included from /Volumes/workplace/APLViewhostAndroid/src/APLViewhostAndroid/discovery/.cxx/cmake/debug/host/CMakeFiles/CMakeTmp/src.c:2:
/Library/Java/JavaVirtualMachines/amazon-corretto-11.jdk/Contents/Home/include/jni.h:45:10: fatal error: 'jni_md.h' file not found
#include "jni_md.h"
         ^~~~~~~~~~
1 error generated.
make[1]: *** [CMakeFiles/cmTC_7071f.dir/src.c.o] Error 1
make: *** [cmTC_7071f/fast] Error 2


Source file was:

#include <jni.h>
int main(void) { return 0; }

