The target system is: Android - 1 - aarch64
The host system is: Darwin - 21.6.0 - x86_64
Detecting C compiler ABI info compiled with the following output:
Change Dir: /Volumes/workplace/APLViewhostAndroid/src/APLViewhostAndroid/discovery/.cxx/cmake/standardRelease/arm64-v8a/CMakeFiles/CMakeTmp

Run Build Command(s):/Users/pranavsu/Library/Android/sdk/cmake/3.18.1/bin/ninja cmTC_0cf19 && [1/2] Building C object CMakeFiles/cmTC_0cf19.dir/CMakeCCompilerABI.c.o
Android (7284624, based on r416183b) clang version 12.0.5 (https://android.googlesource.com/toolchain/llvm-project c935d99d7cf2016289302412d708641d52d2f7ee)
Target: aarch64-none-linux-android22
Thread model: posix
InstalledDir: /Users/pranavsu/Library/Android/sdk/ndk/23.0.7599858/toolchains/llvm/prebuilt/darwin-x86_64/bin
 (in-process)
 "/Users/pranavsu/Library/Android/sdk/ndk/23.0.7599858/toolchains/llvm/prebuilt/darwin-x86_64/bin/clang" -cc1 -triple aarch64-none-linux-android22 -emit-obj -mrelax-all --mrelax-relocations -mnoexecstack -disable-free -disable-llvm-verifier -discard-value-names -main-file-name CMakeCCompilerABI.c -mrelocation-model pic -pic-level 2 -pic-is-pie -mframe-pointer=non-leaf -fno-rounding-math -mconstructor-aliases -munwind-tables -target-cpu generic -target-feature +neon -target-abi aapcs -mllvm -aarch64-fix-cortex-a53-835769=1 -fallow-half-arguments-and-returns -fno-split-dwarf-inlining -debug-info-kind=limited -dwarf-version=4 -debugger-tuning=gdb -target-linker-version 305 -v -ffunction-sections -fdata-sections -resource-dir /Users/pranavsu/Library/Android/sdk/ndk/23.0.7599858/toolchains/llvm/prebuilt/darwin-x86_64/lib64/clang/12.0.5 -dependency-file CMakeFiles/cmTC_0cf19.dir/CMakeCCompilerABI.c.o.d -MT CMakeFiles/cmTC_0cf19.dir/CMakeCCompilerABI.c.o -sys-header-deps -D ANDROID -D _FORTIFY_SOURCE=2 -isysroot /Users/pranavsu/Library/Android/sdk/ndk/23.0.7599858/toolchains/llvm/prebuilt/darwin-x86_64/sysroot -internal-isystem /Users/pranavsu/Library/Android/sdk/ndk/23.0.7599858/toolchains/llvm/prebuilt/darwin-x86_64/sysroot/usr/local/include -internal-isystem /Users/pranavsu/Library/Android/sdk/ndk/23.0.7599858/toolchains/llvm/prebuilt/darwin-x86_64/lib64/clang/12.0.5/include -internal-externc-isystem /Users/pranavsu/Library/Android/sdk/ndk/23.0.7599858/toolchains/llvm/prebuilt/darwin-x86_64/sysroot/usr/include/aarch64-linux-android -internal-externc-isystem /Users/pranavsu/Library/Android/sdk/ndk/23.0.7599858/toolchains/llvm/prebuilt/darwin-x86_64/sysroot/include -internal-externc-isystem /Users/pranavsu/Library/Android/sdk/ndk/23.0.7599858/toolchains/llvm/prebuilt/darwin-x86_64/sysroot/usr/include -Wformat -fdebug-compilation-dir /Volumes/workplace/APLViewhostAndroid/src/APLViewhostAndroid/discovery/.cxx/cmake/standardRelease/arm64-v8a/CMakeFiles/CMakeTmp -ferror-limit 19 -stack-protector 2 -fno-signed-char -fgnuc-version=4.2.1 -o CMakeFiles/cmTC_0cf19.dir/CMakeCCompilerABI.c.o -x c /Users/pranavsu/Library/Android/sdk/cmake/3.18.1/share/cmake-3.18/Modules/CMakeCCompilerABI.c
clang -cc1 version 12.0.5 based upon LLVM 12.0.5git default target x86_64-apple-darwin21.6.0
ignoring nonexistent directory "/Users/pranavsu/Library/Android/sdk/ndk/23.0.7599858/toolchains/llvm/prebuilt/darwin-x86_64/sysroot/include"
#include "..." search starts here:
#include <...> search starts here:
 /Users/pranavsu/Library/Android/sdk/ndk/23.0.7599858/toolchains/llvm/prebuilt/darwin-x86_64/sysroot/usr/local/include
 /Users/pranavsu/Library/Android/sdk/ndk/23.0.7599858/toolchains/llvm/prebuilt/darwin-x86_64/lib64/clang/12.0.5/include
 /Users/pranavsu/Library/Android/sdk/ndk/23.0.7599858/toolchains/llvm/prebuilt/darwin-x86_64/sysroot/usr/include/aarch64-linux-android
 /Users/pranavsu/Library/Android/sdk/ndk/23.0.7599858/toolchains/llvm/prebuilt/darwin-x86_64/sysroot/usr/include
End of search list.
[2/2] Linking C executable cmTC_0cf19
Android (7284624, based on r416183b) clang version 12.0.5 (https://android.googlesource.com/toolchain/llvm-project c935d99d7cf2016289302412d708641d52d2f7ee)
Target: aarch64-none-linux-android22
Thread model: posix
InstalledDir: /Users/pranavsu/Library/Android/sdk/ndk/23.0.7599858/toolchains/llvm/prebuilt/darwin-x86_64/bin
 "/Users/pranavsu/Library/Android/sdk/ndk/23.0.7599858/toolchains/llvm/prebuilt/darwin-x86_64/bin/ld" --sysroot=/Users/pranavsu/Library/Android/sdk/ndk/23.0.7599858/toolchains/llvm/prebuilt/darwin-x86_64/sysroot -pie -z noexecstack -EL --fix-cortex-a53-843419 --warn-shared-textrel -z now -z relro -z max-page-size=4096 --hash-style=both --enable-new-dtags --eh-frame-hdr -m aarch64linux -dynamic-linker /system/bin/linker64 -o cmTC_0cf19 /Users/pranavsu/Library/Android/sdk/ndk/23.0.7599858/toolchains/llvm/prebuilt/darwin-x86_64/sysroot/usr/lib/aarch64-linux-android/22/crtbegin_dynamic.o -L/Users/pranavsu/Library/Android/sdk/ndk/23.0.7599858/toolchains/llvm/prebuilt/darwin-x86_64/lib64/clang/12.0.5/lib/linux/aarch64 -L/Users/pranavsu/Library/Android/sdk/ndk/23.0.7599858/toolchains/llvm/prebuilt/darwin-x86_64/sysroot/usr/lib/aarch64-linux-android/22 -L/Users/pranavsu/Library/Android/sdk/ndk/23.0.7599858/toolchains/llvm/prebuilt/darwin-x86_64/sysroot/usr/lib/aarch64-linux-android -L/Users/pranavsu/Library/Android/sdk/ndk/23.0.7599858/toolchains/llvm/prebuilt/darwin-x86_64/sysroot/usr/lib --build-id=sha1 --no-rosegment --fatal-warnings --no-undefined --gc-sections CMakeFiles/cmTC_0cf19.dir/CMakeCCompilerABI.c.o /Users/pranavsu/Library/Android/sdk/ndk/23.0.7599858/toolchains/llvm/prebuilt/darwin-x86_64/lib64/clang/12.0.5/lib/linux/libclang_rt.builtins-aarch64-android.a -l:libunwind.a -ldl -lc /Users/pranavsu/Library/Android/sdk/ndk/23.0.7599858/toolchains/llvm/prebuilt/darwin-x86_64/lib64/clang/12.0.5/lib/linux/libclang_rt.builtins-aarch64-android.a -l:libunwind.a -ldl /Users/pranavsu/Library/Android/sdk/ndk/23.0.7599858/toolchains/llvm/prebuilt/darwin-x86_64/sysroot/usr/lib/aarch64-linux-android/22/crtend_android.o



Parsed C implicit include dir info from above output: rv=done
  found start of include info
  found start of implicit include info
    add: [/Users/pranavsu/Library/Android/sdk/ndk/23.0.7599858/toolchains/llvm/prebuilt/darwin-x86_64/sysroot/usr/local/include]
    add: [/Users/pranavsu/Library/Android/sdk/ndk/23.0.7599858/toolchains/llvm/prebuilt/darwin-x86_64/lib64/clang/12.0.5/include]
    add: [/Users/pranavsu/Library/Android/sdk/ndk/23.0.7599858/toolchains/llvm/prebuilt/darwin-x86_64/sysroot/usr/include/aarch64-linux-android]
    add: [/Users/pranavsu/Library/Android/sdk/ndk/23.0.7599858/toolchains/llvm/prebuilt/darwin-x86_64/sysroot/usr/include]
  end of search list found
  collapse include dir [/Users/pranavsu/Library/Android/sdk/ndk/23.0.7599858/toolchains/llvm/prebuilt/darwin-x86_64/sysroot/usr/local/include] ==> [/Users/pranavsu/Library/Android/sdk/ndk/23.0.7599858/toolchains/llvm/prebuilt/darwin-x86_64/sysroot/usr/local/include]
  collapse include dir [/Users/pranavsu/Library/Android/sdk/ndk/23.0.7599858/toolchains/llvm/prebuilt/darwin-x86_64/lib64/clang/12.0.5/include] ==> [/Users/pranavsu/Library/Android/sdk/ndk/23.0.7599858/toolchains/llvm/prebuilt/darwin-x86_64/lib64/clang/12.0.5/include]
  collapse include dir [/Users/pranavsu/Library/Android/sdk/ndk/23.0.7599858/toolchains/llvm/prebuilt/darwin-x86_64/sysroot/usr/include/aarch64-linux-android] ==> [/Users/pranavsu/Library/Android/sdk/ndk/23.0.7599858/toolchains/llvm/prebuilt/darwin-x86_64/sysroot/usr/include/aarch64-linux-android]
  collapse include dir [/Users/pranavsu/Library/Android/sdk/ndk/23.0.7599858/toolchains/llvm/prebuilt/darwin-x86_64/sysroot/usr/include] ==> [/Users/pranavsu/Library/Android/sdk/ndk/23.0.7599858/toolchains/llvm/prebuilt/darwin-x86_64/sysroot/usr/include]
  implicit include dirs: [/Users/pranavsu/Library/Android/sdk/ndk/23.0.7599858/toolchains/llvm/prebuilt/darwin-x86_64/sysroot/usr/local/include;/Users/pranavsu/Library/Android/sdk/ndk/23.0.7599858/toolchains/llvm/prebuilt/darwin-x86_64/lib64/clang/12.0.5/include;/Users/pranavsu/Library/Android/sdk/ndk/23.0.7599858/toolchains/llvm/prebuilt/darwin-x86_64/sysroot/usr/include/aarch64-linux-android;/Users/pranavsu/Library/Android/sdk/ndk/23.0.7599858/toolchains/llvm/prebuilt/darwin-x86_64/sysroot/usr/include]


Parsed C implicit link information from above output:
  link line regex: [^( *|.*[/\])(ld\.lld|CMAKE_LINK_STARTFILE-NOTFOUND|([^/\]+-)?ld|collect2)[^/\]*( |$)]
  ignore line: [Change Dir: /Volumes/workplace/APLViewhostAndroid/src/APLViewhostAndroid/discovery/.cxx/cmake/standardRelease/arm64-v8a/CMakeFiles/CMakeTmp]
  ignore line: []
  ignore line: [Run Build Command(s):/Users/pranavsu/Library/Android/sdk/cmake/3.18.1/bin/ninja cmTC_0cf19 && [1/2] Building C object CMakeFiles/cmTC_0cf19.dir/CMakeCCompilerABI.c.o]
  ignore line: [Android (7284624  based on r416183b) clang version 12.0.5 (https://android.googlesource.com/toolchain/llvm-project c935d99d7cf2016289302412d708641d52d2f7ee)]
  ignore line: [Target: aarch64-none-linux-android22]
  ignore line: [Thread model: posix]
  ignore line: [InstalledDir: /Users/pranavsu/Library/Android/sdk/ndk/23.0.7599858/toolchains/llvm/prebuilt/darwin-x86_64/bin]
  ignore line: [ (in-process)]
  ignore line: [ "/Users/pranavsu/Library/Android/sdk/ndk/23.0.7599858/toolchains/llvm/prebuilt/darwin-x86_64/bin/clang" -cc1 -triple aarch64-none-linux-android22 -emit-obj -mrelax-all --mrelax-relocations -mnoexecstack -disable-free -disable-llvm-verifier -discard-value-names -main-file-name CMakeCCompilerABI.c -mrelocation-model pic -pic-level 2 -pic-is-pie -mframe-pointer=non-leaf -fno-rounding-math -mconstructor-aliases -munwind-tables -target-cpu generic -target-feature +neon -target-abi aapcs -mllvm -aarch64-fix-cortex-a53-835769=1 -fallow-half-arguments-and-returns -fno-split-dwarf-inlining -debug-info-kind=limited -dwarf-version=4 -debugger-tuning=gdb -target-linker-version 305 -v -ffunction-sections -fdata-sections -resource-dir /Users/pranavsu/Library/Android/sdk/ndk/23.0.7599858/toolchains/llvm/prebuilt/darwin-x86_64/lib64/clang/12.0.5 -dependency-file CMakeFiles/cmTC_0cf19.dir/CMakeCCompilerABI.c.o.d -MT CMakeFiles/cmTC_0cf19.dir/CMakeCCompilerABI.c.o -sys-header-deps -D ANDROID -D _FORTIFY_SOURCE=2 -isysroot /Users/pranavsu/Library/Android/sdk/ndk/23.0.7599858/toolchains/llvm/prebuilt/darwin-x86_64/sysroot -internal-isystem /Users/pranavsu/Library/Android/sdk/ndk/23.0.7599858/toolchains/llvm/prebuilt/darwin-x86_64/sysroot/usr/local/include -internal-isystem /Users/pranavsu/Library/Android/sdk/ndk/23.0.7599858/toolchains/llvm/prebuilt/darwin-x86_64/lib64/clang/12.0.5/include -internal-externc-isystem /Users/pranavsu/Library/Android/sdk/ndk/23.0.7599858/toolchains/llvm/prebuilt/darwin-x86_64/sysroot/usr/include/aarch64-linux-android -internal-externc-isystem /Users/pranavsu/Library/Android/sdk/ndk/23.0.7599858/toolchains/llvm/prebuilt/darwin-x86_64/sysroot/include -internal-externc-isystem /Users/pranavsu/Library/Android/sdk/ndk/23.0.7599858/toolchains/llvm/prebuilt/darwin-x86_64/sysroot/usr/include -Wformat -fdebug-compilation-dir /Volumes/workplace/APLViewhostAndroid/src/APLViewhostAndroid/discovery/.cxx/cmake/standardRelease/arm64-v8a/CMakeFiles/CMakeTmp -ferror-limit 19 -stack-protector 2 -fno-signed-char -fgnuc-version=4.2.1 -o CMakeFiles/cmTC_0cf19.dir/CMakeCCompilerABI.c.o -x c /Users/pranavsu/Library/Android/sdk/cmake/3.18.1/share/cmake-3.18/Modules/CMakeCCompilerABI.c]
  ignore line: [clang -cc1 version 12.0.5 based upon LLVM 12.0.5git default target x86_64-apple-darwin21.6.0]
  ignore line: [ignoring nonexistent directory "/Users/pranavsu/Library/Android/sdk/ndk/23.0.7599858/toolchains/llvm/prebuilt/darwin-x86_64/sysroot/include"]
  ignore line: [#include "..." search starts here:]
  ignore line: [#include <...> search starts here:]
  ignore line: [ /Users/pranavsu/Library/Android/sdk/ndk/23.0.7599858/toolchains/llvm/prebuilt/darwin-x86_64/sysroot/usr/local/include]
  ignore line: [ /Users/pranavsu/Library/Android/sdk/ndk/23.0.7599858/toolchains/llvm/prebuilt/darwin-x86_64/lib64/clang/12.0.5/include]
  ignore line: [ /Users/pranavsu/Library/Android/sdk/ndk/23.0.7599858/toolchains/llvm/prebuilt/darwin-x86_64/sysroot/usr/include/aarch64-linux-android]
  ignore line: [ /Users/pranavsu/Library/Android/sdk/ndk/23.0.7599858/toolchains/llvm/prebuilt/darwin-x86_64/sysroot/usr/include]
  ignore line: [End of search list.]
  ignore line: [[2/2] Linking C executable cmTC_0cf19]
  ignore line: [Android (7284624  based on r416183b) clang version 12.0.5 (https://android.googlesource.com/toolchain/llvm-project c935d99d7cf2016289302412d708641d52d2f7ee)]
  ignore line: [Target: aarch64-none-linux-android22]
  ignore line: [Thread model: posix]
  ignore line: [InstalledDir: /Users/pranavsu/Library/Android/sdk/ndk/23.0.7599858/toolchains/llvm/prebuilt/darwin-x86_64/bin]
  link line: [ "/Users/pranavsu/Library/Android/sdk/ndk/23.0.7599858/toolchains/llvm/prebuilt/darwin-x86_64/bin/ld" --sysroot=/Users/pranavsu/Library/Android/sdk/ndk/23.0.7599858/toolchains/llvm/prebuilt/darwin-x86_64/sysroot -pie -z noexecstack -EL --fix-cortex-a53-843419 --warn-shared-textrel -z now -z relro -z max-page-size=4096 --hash-style=both --enable-new-dtags --eh-frame-hdr -m aarch64linux -dynamic-linker /system/bin/linker64 -o cmTC_0cf19 /Users/pranavsu/Library/Android/sdk/ndk/23.0.7599858/toolchains/llvm/prebuilt/darwin-x86_64/sysroot/usr/lib/aarch64-linux-android/22/crtbegin_dynamic.o -L/Users/pranavsu/Library/Android/sdk/ndk/23.0.7599858/toolchains/llvm/prebuilt/darwin-x86_64/lib64/clang/12.0.5/lib/linux/aarch64 -L/Users/pranavsu/Library/Android/sdk/ndk/23.0.7599858/toolchains/llvm/prebuilt/darwin-x86_64/sysroot/usr/lib/aarch64-linux-android/22 -L/Users/pranavsu/Library/Android/sdk/ndk/23.0.7599858/toolchains/llvm/prebuilt/darwin-x86_64/sysroot/usr/lib/aarch64-linux-android -L/Users/pranavsu/Library/Android/sdk/ndk/23.0.7599858/toolchains/llvm/prebuilt/darwin-x86_64/sysroot/usr/lib --build-id=sha1 --no-rosegment --fatal-warnings --no-undefined --gc-sections CMakeFiles/cmTC_0cf19.dir/CMakeCCompilerABI.c.o /Users/pranavsu/Library/Android/sdk/ndk/23.0.7599858/toolchains/llvm/prebuilt/darwin-x86_64/lib64/clang/12.0.5/lib/linux/libclang_rt.builtins-aarch64-android.a -l:libunwind.a -ldl -lc /Users/pranavsu/Library/Android/sdk/ndk/23.0.7599858/toolchains/llvm/prebuilt/darwin-x86_64/lib64/clang/12.0.5/lib/linux/libclang_rt.builtins-aarch64-android.a -l:libunwind.a -ldl /Users/pranavsu/Library/Android/sdk/ndk/23.0.7599858/toolchains/llvm/prebuilt/darwin-x86_64/sysroot/usr/lib/aarch64-linux-android/22/crtend_android.o]
    arg [/Users/pranavsu/Library/Android/sdk/ndk/23.0.7599858/toolchains/llvm/prebuilt/darwin-x86_64/bin/ld] ==> ignore
    arg [--sysroot=/Users/pranavsu/Library/Android/sdk/ndk/23.0.7599858/toolchains/llvm/prebuilt/darwin-x86_64/sysroot] ==> ignore
    arg [-pie] ==> ignore
    arg [-znoexecstack] ==> ignore
    arg [-EL] ==> ignore
    arg [--fix-cortex-a53-843419] ==> ignore
    arg [--warn-shared-textrel] ==> ignore
    arg [-znow] ==> ignore
    arg [-zrelro] ==> ignore
    arg [-zmax-page-size=4096] ==> ignore
    arg [--hash-style=both] ==> ignore
    arg [--enable-new-dtags] ==> ignore
    arg [--eh-frame-hdr] ==> ignore
    arg [-m] ==> ignore
    arg [aarch64linux] ==> ignore
    arg [-dynamic-linker] ==> ignore
    arg [/system/bin/linker64] ==> ignore
    arg [-o] ==> ignore
    arg [cmTC_0cf19] ==> ignore
    arg [/Users/pranavsu/Library/Android/sdk/ndk/23.0.7599858/toolchains/llvm/prebuilt/darwin-x86_64/sysroot/usr/lib/aarch64-linux-android/22/crtbegin_dynamic.o] ==> ignore
    arg [-L/Users/pranavsu/Library/Android/sdk/ndk/23.0.7599858/toolchains/llvm/prebuilt/darwin-x86_64/lib64/clang/12.0.5/lib/linux/aarch64] ==> dir [/Users/pranavsu/Library/Android/sdk/ndk/23.0.7599858/toolchains/llvm/prebuilt/darwin-x86_64/lib64/clang/12.0.5/lib/linux/aarch64]
    arg [-L/Users/pranavsu/Library/Android/sdk/ndk/23.0.7599858/toolchains/llvm/prebuilt/darwin-x86_64/sysroot/usr/lib/aarch64-linux-android/22] ==> dir [/Users/pranavsu/Library/Android/sdk/ndk/23.0.7599858/toolchains/llvm/prebuilt/darwin-x86_64/sysroot/usr/lib/aarch64-linux-android/22]
    arg [-L/Users/pranavsu/Library/Android/sdk/ndk/23.0.7599858/toolchains/llvm/prebuilt/darwin-x86_64/sysroot/usr/lib/aarch64-linux-android] ==> dir [/Users/pranavsu/Library/Android/sdk/ndk/23.0.7599858/toolchains/llvm/prebuilt/darwin-x86_64/sysroot/usr/lib/aarch64-linux-android]
    arg [-L/Users/pranavsu/Library/Android/sdk/ndk/23.0.7599858/toolchains/llvm/prebuilt/darwin-x86_64/sysroot/usr/lib] ==> dir [/Users/pranavsu/Library/Android/sdk/ndk/23.0.7599858/toolchains/llvm/prebuilt/darwin-x86_64/sysroot/usr/lib]
    arg [--build-id=sha1] ==> ignore
    arg [--no-rosegment] ==> ignore
    arg [--fatal-warnings] ==> ignore
    arg [--no-undefined] ==> ignore
    arg [--gc-sections] ==> ignore
    arg [CMakeFiles/cmTC_0cf19.dir/CMakeCCompilerABI.c.o] ==> ignore
    arg [/Users/pranavsu/Library/Android/sdk/ndk/23.0.7599858/toolchains/llvm/prebuilt/darwin-x86_64/lib64/clang/12.0.5/lib/linux/libclang_rt.builtins-aarch64-android.a] ==> lib [/Users/pranavsu/Library/Android/sdk/ndk/23.0.7599858/toolchains/llvm/prebuilt/darwin-x86_64/lib64/clang/12.0.5/lib/linux/libclang_rt.builtins-aarch64-android.a]
    arg [-l:libunwind.a] ==> lib [-l:libunwind.a]
    arg [-ldl] ==> lib [dl]
    arg [-lc] ==> lib [c]
    arg [/Users/pranavsu/Library/Android/sdk/ndk/23.0.7599858/toolchains/llvm/prebuilt/darwin-x86_64/lib64/clang/12.0.5/lib/linux/libclang_rt.builtins-aarch64-android.a] ==> lib [/Users/pranavsu/Library/Android/sdk/ndk/23.0.7599858/toolchains/llvm/prebuilt/darwin-x86_64/lib64/clang/12.0.5/lib/linux/libclang_rt.builtins-aarch64-android.a]
    arg [-l:libunwind.a] ==> lib [-l:libunwind.a]
    arg [-ldl] ==> lib [dl]
    arg [/Users/pranavsu/Library/Android/sdk/ndk/23.0.7599858/toolchains/llvm/prebuilt/darwin-x86_64/sysroot/usr/lib/aarch64-linux-android/22/crtend_android.o] ==> ignore
  remove lib [/Users/pranavsu/Library/Android/sdk/ndk/23.0.7599858/toolchains/llvm/prebuilt/darwin-x86_64/lib64/clang/12.0.5/lib/linux/libclang_rt.builtins-aarch64-android.a]
  remove lib [/Users/pranavsu/Library/Android/sdk/ndk/23.0.7599858/toolchains/llvm/prebuilt/darwin-x86_64/lib64/clang/12.0.5/lib/linux/libclang_rt.builtins-aarch64-android.a]
  collapse library dir [/Users/pranavsu/Library/Android/sdk/ndk/23.0.7599858/toolchains/llvm/prebuilt/darwin-x86_64/lib64/clang/12.0.5/lib/linux/aarch64] ==> [/Users/pranavsu/Library/Android/sdk/ndk/23.0.7599858/toolchains/llvm/prebuilt/darwin-x86_64/lib64/clang/12.0.5/lib/linux/aarch64]
  collapse library dir [/Users/pranavsu/Library/Android/sdk/ndk/23.0.7599858/toolchains/llvm/prebuilt/darwin-x86_64/sysroot/usr/lib/aarch64-linux-android/22] ==> [/Users/pranavsu/Library/Android/sdk/ndk/23.0.7599858/toolchains/llvm/prebuilt/darwin-x86_64/sysroot/usr/lib/aarch64-linux-android/22]
  collapse library dir [/Users/pranavsu/Library/Android/sdk/ndk/23.0.7599858/toolchains/llvm/prebuilt/darwin-x86_64/sysroot/usr/lib/aarch64-linux-android] ==> [/Users/pranavsu/Library/Android/sdk/ndk/23.0.7599858/toolchains/llvm/prebuilt/darwin-x86_64/sysroot/usr/lib/aarch64-linux-android]
  collapse library dir [/Users/pranavsu/Library/Android/sdk/ndk/23.0.7599858/toolchains/llvm/prebuilt/darwin-x86_64/sysroot/usr/lib] ==> [/Users/pranavsu/Library/Android/sdk/ndk/23.0.7599858/toolchains/llvm/prebuilt/darwin-x86_64/sysroot/usr/lib]
  implicit libs: [-l:libunwind.a;dl;c;-l:libunwind.a;dl]
  implicit dirs: [/Users/pranavsu/Library/Android/sdk/ndk/23.0.7599858/toolchains/llvm/prebuilt/darwin-x86_64/lib64/clang/12.0.5/lib/linux/aarch64;/Users/pranavsu/Library/Android/sdk/ndk/23.0.7599858/toolchains/llvm/prebuilt/darwin-x86_64/sysroot/usr/lib/aarch64-linux-android/22;/Users/pranavsu/Library/Android/sdk/ndk/23.0.7599858/toolchains/llvm/prebuilt/darwin-x86_64/sysroot/usr/lib/aarch64-linux-android;/Users/pranavsu/Library/Android/sdk/ndk/23.0.7599858/toolchains/llvm/prebuilt/darwin-x86_64/sysroot/usr/lib]
  implicit fwks: []


Detecting CXX compiler ABI info compiled with the following output:
Change Dir: /Volumes/workplace/APLViewhostAndroid/src/APLViewhostAndroid/discovery/.cxx/cmake/standardRelease/arm64-v8a/CMakeFiles/CMakeTmp

Run Build Command(s):/Users/pranavsu/Library/Android/sdk/cmake/3.18.1/bin/ninja cmTC_a64ba && [1/2] Building CXX object CMakeFiles/cmTC_a64ba.dir/CMakeCXXCompilerABI.cpp.o
Android (7284624, based on r416183b) clang version 12.0.5 (https://android.googlesource.com/toolchain/llvm-project c935d99d7cf2016289302412d708641d52d2f7ee)
Target: aarch64-none-linux-android22
Thread model: posix
InstalledDir: /Users/pranavsu/Library/Android/sdk/ndk/23.0.7599858/toolchains/llvm/prebuilt/darwin-x86_64/bin
 (in-process)
 "/Users/pranavsu/Library/Android/sdk/ndk/23.0.7599858/toolchains/llvm/prebuilt/darwin-x86_64/bin/clang++" -cc1 -triple aarch64-none-linux-android22 -emit-obj -mrelax-all --mrelax-relocations -mnoexecstack -disable-free -disable-llvm-verifier -discard-value-names -main-file-name CMakeCXXCompilerABI.cpp -mrelocation-model pic -pic-level 2 -pic-is-pie -mframe-pointer=non-leaf -fno-rounding-math -mconstructor-aliases -munwind-tables -target-cpu generic -target-feature +neon -target-abi aapcs -mllvm -aarch64-fix-cortex-a53-835769=1 -fallow-half-arguments-and-returns -fno-split-dwarf-inlining -debug-info-kind=limited -dwarf-version=4 -debugger-tuning=gdb -target-linker-version 305 -v -ffunction-sections -fdata-sections -resource-dir /Users/pranavsu/Library/Android/sdk/ndk/23.0.7599858/toolchains/llvm/prebuilt/darwin-x86_64/lib64/clang/12.0.5 -dependency-file CMakeFiles/cmTC_a64ba.dir/CMakeCXXCompilerABI.cpp.o.d -MT CMakeFiles/cmTC_a64ba.dir/CMakeCXXCompilerABI.cpp.o -sys-header-deps -D ANDROID -D _FORTIFY_SOURCE=2 -isysroot /Users/pranavsu/Library/Android/sdk/ndk/23.0.7599858/toolchains/llvm/prebuilt/darwin-x86_64/sysroot -internal-isystem /Users/pranavsu/Library/Android/sdk/ndk/23.0.7599858/toolchains/llvm/prebuilt/darwin-x86_64/sysroot/usr/include/c++/v1 -internal-isystem /Users/pranavsu/Library/Android/sdk/ndk/23.0.7599858/toolchains/llvm/prebuilt/darwin-x86_64/sysroot/usr/local/include -internal-isystem /Users/pranavsu/Library/Android/sdk/ndk/23.0.7599858/toolchains/llvm/prebuilt/darwin-x86_64/lib64/clang/12.0.5/include -internal-externc-isystem /Users/pranavsu/Library/Android/sdk/ndk/23.0.7599858/toolchains/llvm/prebuilt/darwin-x86_64/sysroot/usr/include/aarch64-linux-android -internal-externc-isystem /Users/pranavsu/Library/Android/sdk/ndk/23.0.7599858/toolchains/llvm/prebuilt/darwin-x86_64/sysroot/include -internal-externc-isystem /Users/pranavsu/Library/Android/sdk/ndk/23.0.7599858/toolchains/llvm/prebuilt/darwin-x86_64/sysroot/usr/include -Wformat -std=gnu++11 -fdeprecated-macro -fdebug-compilation-dir /Volumes/workplace/APLViewhostAndroid/src/APLViewhostAndroid/discovery/.cxx/cmake/standardRelease/arm64-v8a/CMakeFiles/CMakeTmp -ferror-limit 19 -stack-protector 2 -fno-rtti -fno-signed-char -fgnuc-version=4.2.1 -o CMakeFiles/cmTC_a64ba.dir/CMakeCXXCompilerABI.cpp.o -x c++ /Users/pranavsu/Library/Android/sdk/cmake/3.18.1/share/cmake-3.18/Modules/CMakeCXXCompilerABI.cpp
clang -cc1 version 12.0.5 based upon LLVM 12.0.5git default target x86_64-apple-darwin21.6.0
ignoring nonexistent directory "/Users/pranavsu/Library/Android/sdk/ndk/23.0.7599858/toolchains/llvm/prebuilt/darwin-x86_64/sysroot/include"
#include "..." search starts here:
#include <...> search starts here:
 /Users/pranavsu/Library/Android/sdk/ndk/23.0.7599858/toolchains/llvm/prebuilt/darwin-x86_64/sysroot/usr/include/c++/v1
 /Users/pranavsu/Library/Android/sdk/ndk/23.0.7599858/toolchains/llvm/prebuilt/darwin-x86_64/sysroot/usr/local/include
 /Users/pranavsu/Library/Android/sdk/ndk/23.0.7599858/toolchains/llvm/prebuilt/darwin-x86_64/lib64/clang/12.0.5/include
 /Users/pranavsu/Library/Android/sdk/ndk/23.0.7599858/toolchains/llvm/prebuilt/darwin-x86_64/sysroot/usr/include/aarch64-linux-android
 /Users/pranavsu/Library/Android/sdk/ndk/23.0.7599858/toolchains/llvm/prebuilt/darwin-x86_64/sysroot/usr/include
End of search list.
[2/2] Linking CXX executable cmTC_a64ba
Android (7284624, based on r416183b) clang version 12.0.5 (https://android.googlesource.com/toolchain/llvm-project c935d99d7cf2016289302412d708641d52d2f7ee)
Target: aarch64-none-linux-android22
Thread model: posix
InstalledDir: /Users/pranavsu/Library/Android/sdk/ndk/23.0.7599858/toolchains/llvm/prebuilt/darwin-x86_64/bin
 "/Users/pranavsu/Library/Android/sdk/ndk/23.0.7599858/toolchains/llvm/prebuilt/darwin-x86_64/bin/ld" --sysroot=/Users/pranavsu/Library/Android/sdk/ndk/23.0.7599858/toolchains/llvm/prebuilt/darwin-x86_64/sysroot -pie -z noexecstack -EL --fix-cortex-a53-843419 --warn-shared-textrel -z now -z relro -z max-page-size=4096 --hash-style=both --enable-new-dtags --eh-frame-hdr -m aarch64linux -dynamic-linker /system/bin/linker64 -o cmTC_a64ba /Users/pranavsu/Library/Android/sdk/ndk/23.0.7599858/toolchains/llvm/prebuilt/darwin-x86_64/sysroot/usr/lib/aarch64-linux-android/22/crtbegin_dynamic.o -L/Users/pranavsu/Library/Android/sdk/ndk/23.0.7599858/toolchains/llvm/prebuilt/darwin-x86_64/lib64/clang/12.0.5/lib/linux/aarch64 -L/Users/pranavsu/Library/Android/sdk/ndk/23.0.7599858/toolchains/llvm/prebuilt/darwin-x86_64/sysroot/usr/lib/aarch64-linux-android/22 -L/Users/pranavsu/Library/Android/sdk/ndk/23.0.7599858/toolchains/llvm/prebuilt/darwin-x86_64/sysroot/usr/lib/aarch64-linux-android -L/Users/pranavsu/Library/Android/sdk/ndk/23.0.7599858/toolchains/llvm/prebuilt/darwin-x86_64/sysroot/usr/lib --build-id=sha1 --no-rosegment --fatal-warnings --no-undefined --gc-sections CMakeFiles/cmTC_a64ba.dir/CMakeCXXCompilerABI.cpp.o -Bstatic -lc++ -Bdynamic -lm /Users/pranavsu/Library/Android/sdk/ndk/23.0.7599858/toolchains/llvm/prebuilt/darwin-x86_64/lib64/clang/12.0.5/lib/linux/libclang_rt.builtins-aarch64-android.a -l:libunwind.a -ldl -lc /Users/pranavsu/Library/Android/sdk/ndk/23.0.7599858/toolchains/llvm/prebuilt/darwin-x86_64/lib64/clang/12.0.5/lib/linux/libclang_rt.builtins-aarch64-android.a -l:libunwind.a -ldl /Users/pranavsu/Library/Android/sdk/ndk/23.0.7599858/toolchains/llvm/prebuilt/darwin-x86_64/sysroot/usr/lib/aarch64-linux-android/22/crtend_android.o



Parsed CXX implicit include dir info from above output: rv=done
  found start of include info
  found start of implicit include info
    add: [/Users/pranavsu/Library/Android/sdk/ndk/23.0.7599858/toolchains/llvm/prebuilt/darwin-x86_64/sysroot/usr/include/c++/v1]
    add: [/Users/pranavsu/Library/Android/sdk/ndk/23.0.7599858/toolchains/llvm/prebuilt/darwin-x86_64/sysroot/usr/local/include]
    add: [/Users/pranavsu/Library/Android/sdk/ndk/23.0.7599858/toolchains/llvm/prebuilt/darwin-x86_64/lib64/clang/12.0.5/include]
    add: [/Users/pranavsu/Library/Android/sdk/ndk/23.0.7599858/toolchains/llvm/prebuilt/darwin-x86_64/sysroot/usr/include/aarch64-linux-android]
    add: [/Users/pranavsu/Library/Android/sdk/ndk/23.0.7599858/toolchains/llvm/prebuilt/darwin-x86_64/sysroot/usr/include]
  end of search list found
  collapse include dir [/Users/pranavsu/Library/Android/sdk/ndk/23.0.7599858/toolchains/llvm/prebuilt/darwin-x86_64/sysroot/usr/include/c++/v1] ==> [/Users/pranavsu/Library/Android/sdk/ndk/23.0.7599858/toolchains/llvm/prebuilt/darwin-x86_64/sysroot/usr/include/c++/v1]
  collapse include dir [/Users/pranavsu/Library/Android/sdk/ndk/23.0.7599858/toolchains/llvm/prebuilt/darwin-x86_64/sysroot/usr/local/include] ==> [/Users/pranavsu/Library/Android/sdk/ndk/23.0.7599858/toolchains/llvm/prebuilt/darwin-x86_64/sysroot/usr/local/include]
  collapse include dir [/Users/pranavsu/Library/Android/sdk/ndk/23.0.7599858/toolchains/llvm/prebuilt/darwin-x86_64/lib64/clang/12.0.5/include] ==> [/Users/pranavsu/Library/Android/sdk/ndk/23.0.7599858/toolchains/llvm/prebuilt/darwin-x86_64/lib64/clang/12.0.5/include]
  collapse include dir [/Users/pranavsu/Library/Android/sdk/ndk/23.0.7599858/toolchains/llvm/prebuilt/darwin-x86_64/sysroot/usr/include/aarch64-linux-android] ==> [/Users/pranavsu/Library/Android/sdk/ndk/23.0.7599858/toolchains/llvm/prebuilt/darwin-x86_64/sysroot/usr/include/aarch64-linux-android]
  collapse include dir [/Users/pranavsu/Library/Android/sdk/ndk/23.0.7599858/toolchains/llvm/prebuilt/darwin-x86_64/sysroot/usr/include] ==> [/Users/pranavsu/Library/Android/sdk/ndk/23.0.7599858/toolchains/llvm/prebuilt/darwin-x86_64/sysroot/usr/include]
  implicit include dirs: [/Users/pranavsu/Library/Android/sdk/ndk/23.0.7599858/toolchains/llvm/prebuilt/darwin-x86_64/sysroot/usr/include/c++/v1;/Users/pranavsu/Library/Android/sdk/ndk/23.0.7599858/toolchains/llvm/prebuilt/darwin-x86_64/sysroot/usr/local/include;/Users/pranavsu/Library/Android/sdk/ndk/23.0.7599858/toolchains/llvm/prebuilt/darwin-x86_64/lib64/clang/12.0.5/include;/Users/pranavsu/Library/Android/sdk/ndk/23.0.7599858/toolchains/llvm/prebuilt/darwin-x86_64/sysroot/usr/include/aarch64-linux-android;/Users/pranavsu/Library/Android/sdk/ndk/23.0.7599858/toolchains/llvm/prebuilt/darwin-x86_64/sysroot/usr/include]


Parsed CXX implicit link information from above output:
  link line regex: [^( *|.*[/\])(ld\.lld|CMAKE_LINK_STARTFILE-NOTFOUND|([^/\]+-)?ld|collect2)[^/\]*( |$)]
  ignore line: [Change Dir: /Volumes/workplace/APLViewhostAndroid/src/APLViewhostAndroid/discovery/.cxx/cmake/standardRelease/arm64-v8a/CMakeFiles/CMakeTmp]
  ignore line: []
  ignore line: [Run Build Command(s):/Users/pranavsu/Library/Android/sdk/cmake/3.18.1/bin/ninja cmTC_a64ba && [1/2] Building CXX object CMakeFiles/cmTC_a64ba.dir/CMakeCXXCompilerABI.cpp.o]
  ignore line: [Android (7284624  based on r416183b) clang version 12.0.5 (https://android.googlesource.com/toolchain/llvm-project c935d99d7cf2016289302412d708641d52d2f7ee)]
  ignore line: [Target: aarch64-none-linux-android22]
  ignore line: [Thread model: posix]
  ignore line: [InstalledDir: /Users/pranavsu/Library/Android/sdk/ndk/23.0.7599858/toolchains/llvm/prebuilt/darwin-x86_64/bin]
  ignore line: [ (in-process)]
  ignore line: [ "/Users/pranavsu/Library/Android/sdk/ndk/23.0.7599858/toolchains/llvm/prebuilt/darwin-x86_64/bin/clang++" -cc1 -triple aarch64-none-linux-android22 -emit-obj -mrelax-all --mrelax-relocations -mnoexecstack -disable-free -disable-llvm-verifier -discard-value-names -main-file-name CMakeCXXCompilerABI.cpp -mrelocation-model pic -pic-level 2 -pic-is-pie -mframe-pointer=non-leaf -fno-rounding-math -mconstructor-aliases -munwind-tables -target-cpu generic -target-feature +neon -target-abi aapcs -mllvm -aarch64-fix-cortex-a53-835769=1 -fallow-half-arguments-and-returns -fno-split-dwarf-inlining -debug-info-kind=limited -dwarf-version=4 -debugger-tuning=gdb -target-linker-version 305 -v -ffunction-sections -fdata-sections -resource-dir /Users/pranavsu/Library/Android/sdk/ndk/23.0.7599858/toolchains/llvm/prebuilt/darwin-x86_64/lib64/clang/12.0.5 -dependency-file CMakeFiles/cmTC_a64ba.dir/CMakeCXXCompilerABI.cpp.o.d -MT CMakeFiles/cmTC_a64ba.dir/CMakeCXXCompilerABI.cpp.o -sys-header-deps -D ANDROID -D _FORTIFY_SOURCE=2 -isysroot /Users/pranavsu/Library/Android/sdk/ndk/23.0.7599858/toolchains/llvm/prebuilt/darwin-x86_64/sysroot -internal-isystem /Users/pranavsu/Library/Android/sdk/ndk/23.0.7599858/toolchains/llvm/prebuilt/darwin-x86_64/sysroot/usr/include/c++/v1 -internal-isystem /Users/pranavsu/Library/Android/sdk/ndk/23.0.7599858/toolchains/llvm/prebuilt/darwin-x86_64/sysroot/usr/local/include -internal-isystem /Users/pranavsu/Library/Android/sdk/ndk/23.0.7599858/toolchains/llvm/prebuilt/darwin-x86_64/lib64/clang/12.0.5/include -internal-externc-isystem /Users/pranavsu/Library/Android/sdk/ndk/23.0.7599858/toolchains/llvm/prebuilt/darwin-x86_64/sysroot/usr/include/aarch64-linux-android -internal-externc-isystem /Users/pranavsu/Library/Android/sdk/ndk/23.0.7599858/toolchains/llvm/prebuilt/darwin-x86_64/sysroot/include -internal-externc-isystem /Users/pranavsu/Library/Android/sdk/ndk/23.0.7599858/toolchains/llvm/prebuilt/darwin-x86_64/sysroot/usr/include -Wformat -std=gnu++11 -fdeprecated-macro -fdebug-compilation-dir /Volumes/workplace/APLViewhostAndroid/src/APLViewhostAndroid/discovery/.cxx/cmake/standardRelease/arm64-v8a/CMakeFiles/CMakeTmp -ferror-limit 19 -stack-protector 2 -fno-rtti -fno-signed-char -fgnuc-version=4.2.1 -o CMakeFiles/cmTC_a64ba.dir/CMakeCXXCompilerABI.cpp.o -x c++ /Users/pranavsu/Library/Android/sdk/cmake/3.18.1/share/cmake-3.18/Modules/CMakeCXXCompilerABI.cpp]
  ignore line: [clang -cc1 version 12.0.5 based upon LLVM 12.0.5git default target x86_64-apple-darwin21.6.0]
  ignore line: [ignoring nonexistent directory "/Users/pranavsu/Library/Android/sdk/ndk/23.0.7599858/toolchains/llvm/prebuilt/darwin-x86_64/sysroot/include"]
  ignore line: [#include "..." search starts here:]
  ignore line: [#include <...> search starts here:]
  ignore line: [ /Users/pranavsu/Library/Android/sdk/ndk/23.0.7599858/toolchains/llvm/prebuilt/darwin-x86_64/sysroot/usr/include/c++/v1]
  ignore line: [ /Users/pranavsu/Library/Android/sdk/ndk/23.0.7599858/toolchains/llvm/prebuilt/darwin-x86_64/sysroot/usr/local/include]
  ignore line: [ /Users/pranavsu/Library/Android/sdk/ndk/23.0.7599858/toolchains/llvm/prebuilt/darwin-x86_64/lib64/clang/12.0.5/include]
  ignore line: [ /Users/pranavsu/Library/Android/sdk/ndk/23.0.7599858/toolchains/llvm/prebuilt/darwin-x86_64/sysroot/usr/include/aarch64-linux-android]
  ignore line: [ /Users/pranavsu/Library/Android/sdk/ndk/23.0.7599858/toolchains/llvm/prebuilt/darwin-x86_64/sysroot/usr/include]
  ignore line: [End of search list.]
  ignore line: [[2/2] Linking CXX executable cmTC_a64ba]
  ignore line: [Android (7284624  based on r416183b) clang version 12.0.5 (https://android.googlesource.com/toolchain/llvm-project c935d99d7cf2016289302412d708641d52d2f7ee)]
  ignore line: [Target: aarch64-none-linux-android22]
  ignore line: [Thread model: posix]
  ignore line: [InstalledDir: /Users/pranavsu/Library/Android/sdk/ndk/23.0.7599858/toolchains/llvm/prebuilt/darwin-x86_64/bin]
  link line: [ "/Users/pranavsu/Library/Android/sdk/ndk/23.0.7599858/toolchains/llvm/prebuilt/darwin-x86_64/bin/ld" --sysroot=/Users/pranavsu/Library/Android/sdk/ndk/23.0.7599858/toolchains/llvm/prebuilt/darwin-x86_64/sysroot -pie -z noexecstack -EL --fix-cortex-a53-843419 --warn-shared-textrel -z now -z relro -z max-page-size=4096 --hash-style=both --enable-new-dtags --eh-frame-hdr -m aarch64linux -dynamic-linker /system/bin/linker64 -o cmTC_a64ba /Users/pranavsu/Library/Android/sdk/ndk/23.0.7599858/toolchains/llvm/prebuilt/darwin-x86_64/sysroot/usr/lib/aarch64-linux-android/22/crtbegin_dynamic.o -L/Users/pranavsu/Library/Android/sdk/ndk/23.0.7599858/toolchains/llvm/prebuilt/darwin-x86_64/lib64/clang/12.0.5/lib/linux/aarch64 -L/Users/pranavsu/Library/Android/sdk/ndk/23.0.7599858/toolchains/llvm/prebuilt/darwin-x86_64/sysroot/usr/lib/aarch64-linux-android/22 -L/Users/pranavsu/Library/Android/sdk/ndk/23.0.7599858/toolchains/llvm/prebuilt/darwin-x86_64/sysroot/usr/lib/aarch64-linux-android -L/Users/pranavsu/Library/Android/sdk/ndk/23.0.7599858/toolchains/llvm/prebuilt/darwin-x86_64/sysroot/usr/lib --build-id=sha1 --no-rosegment --fatal-warnings --no-undefined --gc-sections CMakeFiles/cmTC_a64ba.dir/CMakeCXXCompilerABI.cpp.o -Bstatic -lc++ -Bdynamic -lm /Users/pranavsu/Library/Android/sdk/ndk/23.0.7599858/toolchains/llvm/prebuilt/darwin-x86_64/lib64/clang/12.0.5/lib/linux/libclang_rt.builtins-aarch64-android.a -l:libunwind.a -ldl -lc /Users/pranavsu/Library/Android/sdk/ndk/23.0.7599858/toolchains/llvm/prebuilt/darwin-x86_64/lib64/clang/12.0.5/lib/linux/libclang_rt.builtins-aarch64-android.a -l:libunwind.a -ldl /Users/pranavsu/Library/Android/sdk/ndk/23.0.7599858/toolchains/llvm/prebuilt/darwin-x86_64/sysroot/usr/lib/aarch64-linux-android/22/crtend_android.o]
    arg [/Users/pranavsu/Library/Android/sdk/ndk/23.0.7599858/toolchains/llvm/prebuilt/darwin-x86_64/bin/ld] ==> ignore
    arg [--sysroot=/Users/pranavsu/Library/Android/sdk/ndk/23.0.7599858/toolchains/llvm/prebuilt/darwin-x86_64/sysroot] ==> ignore
    arg [-pie] ==> ignore
    arg [-znoexecstack] ==> ignore
    arg [-EL] ==> ignore
    arg [--fix-cortex-a53-843419] ==> ignore
    arg [--warn-shared-textrel] ==> ignore
    arg [-znow] ==> ignore
    arg [-zrelro] ==> ignore
    arg [-zmax-page-size=4096] ==> ignore
    arg [--hash-style=both] ==> ignore
    arg [--enable-new-dtags] ==> ignore
    arg [--eh-frame-hdr] ==> ignore
    arg [-m] ==> ignore
    arg [aarch64linux] ==> ignore
    arg [-dynamic-linker] ==> ignore
    arg [/system/bin/linker64] ==> ignore
    arg [-o] ==> ignore
    arg [cmTC_a64ba] ==> ignore
    arg [/Users/pranavsu/Library/Android/sdk/ndk/23.0.7599858/toolchains/llvm/prebuilt/darwin-x86_64/sysroot/usr/lib/aarch64-linux-android/22/crtbegin_dynamic.o] ==> ignore
    arg [-L/Users/pranavsu/Library/Android/sdk/ndk/23.0.7599858/toolchains/llvm/prebuilt/darwin-x86_64/lib64/clang/12.0.5/lib/linux/aarch64] ==> dir [/Users/pranavsu/Library/Android/sdk/ndk/23.0.7599858/toolchains/llvm/prebuilt/darwin-x86_64/lib64/clang/12.0.5/lib/linux/aarch64]
    arg [-L/Users/pranavsu/Library/Android/sdk/ndk/23.0.7599858/toolchains/llvm/prebuilt/darwin-x86_64/sysroot/usr/lib/aarch64-linux-android/22] ==> dir [/Users/pranavsu/Library/Android/sdk/ndk/23.0.7599858/toolchains/llvm/prebuilt/darwin-x86_64/sysroot/usr/lib/aarch64-linux-android/22]
    arg [-L/Users/pranavsu/Library/Android/sdk/ndk/23.0.7599858/toolchains/llvm/prebuilt/darwin-x86_64/sysroot/usr/lib/aarch64-linux-android] ==> dir [/Users/pranavsu/Library/Android/sdk/ndk/23.0.7599858/toolchains/llvm/prebuilt/darwin-x86_64/sysroot/usr/lib/aarch64-linux-android]
    arg [-L/Users/pranavsu/Library/Android/sdk/ndk/23.0.7599858/toolchains/llvm/prebuilt/darwin-x86_64/sysroot/usr/lib] ==> dir [/Users/pranavsu/Library/Android/sdk/ndk/23.0.7599858/toolchains/llvm/prebuilt/darwin-x86_64/sysroot/usr/lib]
    arg [--build-id=sha1] ==> ignore
    arg [--no-rosegment] ==> ignore
    arg [--fatal-warnings] ==> ignore
    arg [--no-undefined] ==> ignore
    arg [--gc-sections] ==> ignore
    arg [CMakeFiles/cmTC_a64ba.dir/CMakeCXXCompilerABI.cpp.o] ==> ignore
    arg [-Bstatic] ==> ignore
    arg [-lc++] ==> lib [c++]
    arg [-Bdynamic] ==> ignore
    arg [-lm] ==> lib [m]
    arg [/Users/pranavsu/Library/Android/sdk/ndk/23.0.7599858/toolchains/llvm/prebuilt/darwin-x86_64/lib64/clang/12.0.5/lib/linux/libclang_rt.builtins-aarch64-android.a] ==> lib [/Users/pranavsu/Library/Android/sdk/ndk/23.0.7599858/toolchains/llvm/prebuilt/darwin-x86_64/lib64/clang/12.0.5/lib/linux/libclang_rt.builtins-aarch64-android.a]
    arg [-l:libunwind.a] ==> lib [-l:libunwind.a]
    arg [-ldl] ==> lib [dl]
    arg [-lc] ==> lib [c]
    arg [/Users/pranavsu/Library/Android/sdk/ndk/23.0.7599858/toolchains/llvm/prebuilt/darwin-x86_64/lib64/clang/12.0.5/lib/linux/libclang_rt.builtins-aarch64-android.a] ==> lib [/Users/pranavsu/Library/Android/sdk/ndk/23.0.7599858/toolchains/llvm/prebuilt/darwin-x86_64/lib64/clang/12.0.5/lib/linux/libclang_rt.builtins-aarch64-android.a]
    arg [-l:libunwind.a] ==> lib [-l:libunwind.a]
    arg [-ldl] ==> lib [dl]
    arg [/Users/pranavsu/Library/Android/sdk/ndk/23.0.7599858/toolchains/llvm/prebuilt/darwin-x86_64/sysroot/usr/lib/aarch64-linux-android/22/crtend_android.o] ==> ignore
  remove lib [/Users/pranavsu/Library/Android/sdk/ndk/23.0.7599858/toolchains/llvm/prebuilt/darwin-x86_64/lib64/clang/12.0.5/lib/linux/libclang_rt.builtins-aarch64-android.a]
  remove lib [/Users/pranavsu/Library/Android/sdk/ndk/23.0.7599858/toolchains/llvm/prebuilt/darwin-x86_64/lib64/clang/12.0.5/lib/linux/libclang_rt.builtins-aarch64-android.a]
  collapse library dir [/Users/pranavsu/Library/Android/sdk/ndk/23.0.7599858/toolchains/llvm/prebuilt/darwin-x86_64/lib64/clang/12.0.5/lib/linux/aarch64] ==> [/Users/pranavsu/Library/Android/sdk/ndk/23.0.7599858/toolchains/llvm/prebuilt/darwin-x86_64/lib64/clang/12.0.5/lib/linux/aarch64]
  collapse library dir [/Users/pranavsu/Library/Android/sdk/ndk/23.0.7599858/toolchains/llvm/prebuilt/darwin-x86_64/sysroot/usr/lib/aarch64-linux-android/22] ==> [/Users/pranavsu/Library/Android/sdk/ndk/23.0.7599858/toolchains/llvm/prebuilt/darwin-x86_64/sysroot/usr/lib/aarch64-linux-android/22]
  collapse library dir [/Users/pranavsu/Library/Android/sdk/ndk/23.0.7599858/toolchains/llvm/prebuilt/darwin-x86_64/sysroot/usr/lib/aarch64-linux-android] ==> [/Users/pranavsu/Library/Android/sdk/ndk/23.0.7599858/toolchains/llvm/prebuilt/darwin-x86_64/sysroot/usr/lib/aarch64-linux-android]
  collapse library dir [/Users/pranavsu/Library/Android/sdk/ndk/23.0.7599858/toolchains/llvm/prebuilt/darwin-x86_64/sysroot/usr/lib] ==> [/Users/pranavsu/Library/Android/sdk/ndk/23.0.7599858/toolchains/llvm/prebuilt/darwin-x86_64/sysroot/usr/lib]
  implicit libs: [c++;m;-l:libunwind.a;dl;c;-l:libunwind.a;dl]
  implicit dirs: [/Users/pranavsu/Library/Android/sdk/ndk/23.0.7599858/toolchains/llvm/prebuilt/darwin-x86_64/lib64/clang/12.0.5/lib/linux/aarch64;/Users/pranavsu/Library/Android/sdk/ndk/23.0.7599858/toolchains/llvm/prebuilt/darwin-x86_64/sysroot/usr/lib/aarch64-linux-android/22;/Users/pranavsu/Library/Android/sdk/ndk/23.0.7599858/toolchains/llvm/prebuilt/darwin-x86_64/sysroot/usr/lib/aarch64-linux-android;/Users/pranavsu/Library/Android/sdk/ndk/23.0.7599858/toolchains/llvm/prebuilt/darwin-x86_64/sysroot/usr/lib]
  implicit fwks: []


Determining if the include file pthread.h exists passed with the following output:
Change Dir: /Volumes/workplace/APLViewhostAndroid/src/APLViewhostAndroid/discovery/.cxx/cmake/standardRelease/arm64-v8a/CMakeFiles/CMakeTmp

Run Build Command(s):/Users/pranavsu/Library/Android/sdk/cmake/3.18.1/bin/ninja cmTC_f6074 && [1/2] Building C object CMakeFiles/cmTC_f6074.dir/CheckIncludeFile.c.o
[2/2] Linking C executable cmTC_f6074



