The target system is: Android - 1 - i686
The host system is: Darwin - 21.4.0 - x86_64
Determining if the C compiler works passed with the following output:
Change Dir: /Volumes/workplace/APLViewhostAndroid/src/APLViewhostAndroid/common/.cxx/Debug/4d4l463k/x86/CMakeFiles/CMakeTmp

Run Build Command:"/Users/pranavsu/Library/Android/sdk/cmake/3.10.2.4988404/bin/ninja" "cmTC_fc434"
[1/2] Building C object CMakeFiles/cmTC_fc434.dir/testCCompiler.c.o
[2/2] Linking C executable cmTC_fc434


Detecting C compiler ABI info compiled with the following output:
Change Dir: /Volumes/workplace/APLViewhostAndroid/src/APLViewhostAndroid/common/.cxx/Debug/4d4l463k/x86/CMakeFiles/CMakeTmp

Run Build Command:"/Users/pranavsu/Library/Android/sdk/cmake/3.10.2.4988404/bin/ninja" "cmTC_c241b"
[1/2] Building C object CMakeFiles/cmTC_c241b.dir/CMakeCCompilerABI.c.o
[2/2] Linking C executable cmTC_c241b
Android (7284624, based on r416183b) clang version 12.0.5 (https://android.googlesource.com/toolchain/llvm-project c935d99d7cf2016289302412d708641d52d2f7ee)
Target: i686-none-linux-android22
Thread model: posix
InstalledDir: /Users/pranavsu/Library/Android/sdk/ndk/23.0.7599858/toolchains/llvm/prebuilt/darwin-x86_64/bin
 "/Users/pranavsu/Library/Android/sdk/ndk/23.0.7599858/toolchains/llvm/prebuilt/darwin-x86_64/bin/ld" --sysroot=/Users/pranavsu/Library/Android/sdk/ndk/23.0.7599858/toolchains/llvm/prebuilt/darwin-x86_64/sysroot -pie -z noexecstack --warn-shared-textrel -z now -z relro --hash-style=both --enable-new-dtags --eh-frame-hdr -m elf_i386 -dynamic-linker /system/bin/linker -o cmTC_c241b /Users/pranavsu/Library/Android/sdk/ndk/23.0.7599858/toolchains/llvm/prebuilt/darwin-x86_64/sysroot/usr/lib/i686-linux-android/22/crtbegin_dynamic.o -L/Users/pranavsu/Library/Android/sdk/ndk/23.0.7599858/toolchains/llvm/prebuilt/darwin-x86_64/lib64/clang/12.0.5/lib/linux/i386 -L/Users/pranavsu/Library/Android/sdk/ndk/23.0.7599858/toolchains/llvm/prebuilt/darwin-x86_64/sysroot/usr/lib/i686-linux-android/22 -L/Users/pranavsu/Library/Android/sdk/ndk/23.0.7599858/toolchains/llvm/prebuilt/darwin-x86_64/sysroot/usr/lib/i686-linux-android -L/Users/pranavsu/Library/Android/sdk/ndk/23.0.7599858/toolchains/llvm/prebuilt/darwin-x86_64/sysroot/usr/lib --build-id=sha1 --no-rosegment --fatal-warnings --no-undefined --gc-sections CMakeFiles/cmTC_c241b.dir/CMakeCCompilerABI.c.o /Users/pranavsu/Library/Android/sdk/ndk/23.0.7599858/toolchains/llvm/prebuilt/darwin-x86_64/lib64/clang/12.0.5/lib/linux/libclang_rt.builtins-i686-android.a -l:libunwind.a -ldl -lc /Users/pranavsu/Library/Android/sdk/ndk/23.0.7599858/toolchains/llvm/prebuilt/darwin-x86_64/lib64/clang/12.0.5/lib/linux/libclang_rt.builtins-i686-android.a -l:libunwind.a -ldl /Users/pranavsu/Library/Android/sdk/ndk/23.0.7599858/toolchains/llvm/prebuilt/darwin-x86_64/sysroot/usr/lib/i686-linux-android/22/crtend_android.o


Parsed C implicit link information from above output:
  link line regex: [^( *|.*[/\])(CMAKE_LINKER-NOTFOUND|CMAKE_LINK_STARTFILE-NOTFOUND|([^/\]+-)?ld|collect2)[^/\]*( |$)]
  ignore line: [Change Dir: /Volumes/workplace/APLViewhostAndroid/src/APLViewhostAndroid/common/.cxx/Debug/4d4l463k/x86/CMakeFiles/CMakeTmp]
  ignore line: []
  ignore line: [Run Build Command:"/Users/pranavsu/Library/Android/sdk/cmake/3.10.2.4988404/bin/ninja" "cmTC_c241b"]
  ignore line: [[1/2] Building C object CMakeFiles/cmTC_c241b.dir/CMakeCCompilerABI.c.o]
  ignore line: [[2/2] Linking C executable cmTC_c241b]
  ignore line: [Android (7284624, based on r416183b) clang version 12.0.5 (https://android.googlesource.com/toolchain/llvm-project c935d99d7cf2016289302412d708641d52d2f7ee)]
  ignore line: [Target: i686-none-linux-android22]
  ignore line: [Thread model: posix]
  ignore line: [InstalledDir: /Users/pranavsu/Library/Android/sdk/ndk/23.0.7599858/toolchains/llvm/prebuilt/darwin-x86_64/bin]
  link line: [ "/Users/pranavsu/Library/Android/sdk/ndk/23.0.7599858/toolchains/llvm/prebuilt/darwin-x86_64/bin/ld" --sysroot=/Users/pranavsu/Library/Android/sdk/ndk/23.0.7599858/toolchains/llvm/prebuilt/darwin-x86_64/sysroot -pie -z noexecstack --warn-shared-textrel -z now -z relro --hash-style=both --enable-new-dtags --eh-frame-hdr -m elf_i386 -dynamic-linker /system/bin/linker -o cmTC_c241b /Users/pranavsu/Library/Android/sdk/ndk/23.0.7599858/toolchains/llvm/prebuilt/darwin-x86_64/sysroot/usr/lib/i686-linux-android/22/crtbegin_dynamic.o -L/Users/pranavsu/Library/Android/sdk/ndk/23.0.7599858/toolchains/llvm/prebuilt/darwin-x86_64/lib64/clang/12.0.5/lib/linux/i386 -L/Users/pranavsu/Library/Android/sdk/ndk/23.0.7599858/toolchains/llvm/prebuilt/darwin-x86_64/sysroot/usr/lib/i686-linux-android/22 -L/Users/pranavsu/Library/Android/sdk/ndk/23.0.7599858/toolchains/llvm/prebuilt/darwin-x86_64/sysroot/usr/lib/i686-linux-android -L/Users/pranavsu/Library/Android/sdk/ndk/23.0.7599858/toolchains/llvm/prebuilt/darwin-x86_64/sysroot/usr/lib --build-id=sha1 --no-rosegment --fatal-warnings --no-undefined --gc-sections CMakeFiles/cmTC_c241b.dir/CMakeCCompilerABI.c.o /Users/pranavsu/Library/Android/sdk/ndk/23.0.7599858/toolchains/llvm/prebuilt/darwin-x86_64/lib64/clang/12.0.5/lib/linux/libclang_rt.builtins-i686-android.a -l:libunwind.a -ldl -lc /Users/pranavsu/Library/Android/sdk/ndk/23.0.7599858/toolchains/llvm/prebuilt/darwin-x86_64/lib64/clang/12.0.5/lib/linux/libclang_rt.builtins-i686-android.a -l:libunwind.a -ldl /Users/pranavsu/Library/Android/sdk/ndk/23.0.7599858/toolchains/llvm/prebuilt/darwin-x86_64/sysroot/usr/lib/i686-linux-android/22/crtend_android.o]
    arg [/Users/pranavsu/Library/Android/sdk/ndk/23.0.7599858/toolchains/llvm/prebuilt/darwin-x86_64/bin/ld] ==> ignore
    arg [--sysroot=/Users/pranavsu/Library/Android/sdk/ndk/23.0.7599858/toolchains/llvm/prebuilt/darwin-x86_64/sysroot] ==> ignore
    arg [-pie] ==> ignore
    arg [-znoexecstack] ==> ignore
    arg [--warn-shared-textrel] ==> ignore
    arg [-znow] ==> ignore
    arg [-zrelro] ==> ignore
    arg [--hash-style=both] ==> ignore
    arg [--enable-new-dtags] ==> ignore
    arg [--eh-frame-hdr] ==> ignore
    arg [-m] ==> ignore
    arg [elf_i386] ==> ignore
    arg [-dynamic-linker] ==> ignore
    arg [/system/bin/linker] ==> ignore
    arg [-o] ==> ignore
    arg [cmTC_c241b] ==> ignore
    arg [/Users/pranavsu/Library/Android/sdk/ndk/23.0.7599858/toolchains/llvm/prebuilt/darwin-x86_64/sysroot/usr/lib/i686-linux-android/22/crtbegin_dynamic.o] ==> ignore
    arg [-L/Users/pranavsu/Library/Android/sdk/ndk/23.0.7599858/toolchains/llvm/prebuilt/darwin-x86_64/lib64/clang/12.0.5/lib/linux/i386] ==> dir [/Users/pranavsu/Library/Android/sdk/ndk/23.0.7599858/toolchains/llvm/prebuilt/darwin-x86_64/lib64/clang/12.0.5/lib/linux/i386]
    arg [-L/Users/pranavsu/Library/Android/sdk/ndk/23.0.7599858/toolchains/llvm/prebuilt/darwin-x86_64/sysroot/usr/lib/i686-linux-android/22] ==> dir [/Users/pranavsu/Library/Android/sdk/ndk/23.0.7599858/toolchains/llvm/prebuilt/darwin-x86_64/sysroot/usr/lib/i686-linux-android/22]
    arg [-L/Users/pranavsu/Library/Android/sdk/ndk/23.0.7599858/toolchains/llvm/prebuilt/darwin-x86_64/sysroot/usr/lib/i686-linux-android] ==> dir [/Users/pranavsu/Library/Android/sdk/ndk/23.0.7599858/toolchains/llvm/prebuilt/darwin-x86_64/sysroot/usr/lib/i686-linux-android]
    arg [-L/Users/pranavsu/Library/Android/sdk/ndk/23.0.7599858/toolchains/llvm/prebuilt/darwin-x86_64/sysroot/usr/lib] ==> dir [/Users/pranavsu/Library/Android/sdk/ndk/23.0.7599858/toolchains/llvm/prebuilt/darwin-x86_64/sysroot/usr/lib]
    arg [--build-id=sha1] ==> ignore
    arg [--no-rosegment] ==> ignore
    arg [--fatal-warnings] ==> ignore
    arg [--no-undefined] ==> ignore
    arg [--gc-sections] ==> ignore
    arg [CMakeFiles/cmTC_c241b.dir/CMakeCCompilerABI.c.o] ==> ignore
    arg [/Users/pranavsu/Library/Android/sdk/ndk/23.0.7599858/toolchains/llvm/prebuilt/darwin-x86_64/lib64/clang/12.0.5/lib/linux/libclang_rt.builtins-i686-android.a] ==> lib [/Users/pranavsu/Library/Android/sdk/ndk/23.0.7599858/toolchains/llvm/prebuilt/darwin-x86_64/lib64/clang/12.0.5/lib/linux/libclang_rt.builtins-i686-android.a]
    arg [-l:libunwind.a] ==> lib [-l:libunwind.a]
    arg [-ldl] ==> lib [dl]
    arg [-lc] ==> lib [c]
    arg [/Users/pranavsu/Library/Android/sdk/ndk/23.0.7599858/toolchains/llvm/prebuilt/darwin-x86_64/lib64/clang/12.0.5/lib/linux/libclang_rt.builtins-i686-android.a] ==> lib [/Users/pranavsu/Library/Android/sdk/ndk/23.0.7599858/toolchains/llvm/prebuilt/darwin-x86_64/lib64/clang/12.0.5/lib/linux/libclang_rt.builtins-i686-android.a]
    arg [-l:libunwind.a] ==> lib [-l:libunwind.a]
    arg [-ldl] ==> lib [dl]
    arg [/Users/pranavsu/Library/Android/sdk/ndk/23.0.7599858/toolchains/llvm/prebuilt/darwin-x86_64/sysroot/usr/lib/i686-linux-android/22/crtend_android.o] ==> ignore
  remove lib [/Users/pranavsu/Library/Android/sdk/ndk/23.0.7599858/toolchains/llvm/prebuilt/darwin-x86_64/lib64/clang/12.0.5/lib/linux/libclang_rt.builtins-i686-android.a]
  remove lib [/Users/pranavsu/Library/Android/sdk/ndk/23.0.7599858/toolchains/llvm/prebuilt/darwin-x86_64/lib64/clang/12.0.5/lib/linux/libclang_rt.builtins-i686-android.a]
  collapse library dir [/Users/pranavsu/Library/Android/sdk/ndk/23.0.7599858/toolchains/llvm/prebuilt/darwin-x86_64/lib64/clang/12.0.5/lib/linux/i386] ==> [/Users/pranavsu/Library/Android/sdk/ndk/23.0.7599858/toolchains/llvm/prebuilt/darwin-x86_64/lib64/clang/12.0.5/lib/linux/i386]
  collapse library dir [/Users/pranavsu/Library/Android/sdk/ndk/23.0.7599858/toolchains/llvm/prebuilt/darwin-x86_64/sysroot/usr/lib/i686-linux-android/22] ==> [/Users/pranavsu/Library/Android/sdk/ndk/23.0.7599858/toolchains/llvm/prebuilt/darwin-x86_64/sysroot/usr/lib/i686-linux-android/22]
  collapse library dir [/Users/pranavsu/Library/Android/sdk/ndk/23.0.7599858/toolchains/llvm/prebuilt/darwin-x86_64/sysroot/usr/lib/i686-linux-android] ==> [/Users/pranavsu/Library/Android/sdk/ndk/23.0.7599858/toolchains/llvm/prebuilt/darwin-x86_64/sysroot/usr/lib/i686-linux-android]
  collapse library dir [/Users/pranavsu/Library/Android/sdk/ndk/23.0.7599858/toolchains/llvm/prebuilt/darwin-x86_64/sysroot/usr/lib] ==> [/Users/pranavsu/Library/Android/sdk/ndk/23.0.7599858/toolchains/llvm/prebuilt/darwin-x86_64/sysroot/usr/lib]
  implicit libs: [-l:libunwind.a;dl;c;-l:libunwind.a;dl]
  implicit dirs: [/Users/pranavsu/Library/Android/sdk/ndk/23.0.7599858/toolchains/llvm/prebuilt/darwin-x86_64/lib64/clang/12.0.5/lib/linux/i386;/Users/pranavsu/Library/Android/sdk/ndk/23.0.7599858/toolchains/llvm/prebuilt/darwin-x86_64/sysroot/usr/lib/i686-linux-android/22;/Users/pranavsu/Library/Android/sdk/ndk/23.0.7599858/toolchains/llvm/prebuilt/darwin-x86_64/sysroot/usr/lib/i686-linux-android;/Users/pranavsu/Library/Android/sdk/ndk/23.0.7599858/toolchains/llvm/prebuilt/darwin-x86_64/sysroot/usr/lib]
  implicit fwks: []




Detecting C [-std=c11] compiler features compiled with the following output:
Change Dir: /Volumes/workplace/APLViewhostAndroid/src/APLViewhostAndroid/common/.cxx/Debug/4d4l463k/x86/CMakeFiles/CMakeTmp

Run Build Command:"/Users/pranavsu/Library/Android/sdk/cmake/3.10.2.4988404/bin/ninja" "cmTC_6d066"
[1/2] Building C object CMakeFiles/cmTC_6d066.dir/feature_tests.c.o
[2/2] Linking C executable cmTC_6d066


    Feature record: C_FEATURE:1c_function_prototypes
    Feature record: C_FEATURE:1c_restrict
    Feature record: C_FEATURE:1c_static_assert
    Feature record: C_FEATURE:1c_variadic_macros


Detecting C [-std=c99] compiler features compiled with the following output:
Change Dir: /Volumes/workplace/APLViewhostAndroid/src/APLViewhostAndroid/common/.cxx/Debug/4d4l463k/x86/CMakeFiles/CMakeTmp

Run Build Command:"/Users/pranavsu/Library/Android/sdk/cmake/3.10.2.4988404/bin/ninja" "cmTC_dcb77"
[1/2] Building C object CMakeFiles/cmTC_dcb77.dir/feature_tests.c.o
[2/2] Linking C executable cmTC_dcb77


    Feature record: C_FEATURE:1c_function_prototypes
    Feature record: C_FEATURE:1c_restrict
    Feature record: C_FEATURE:0c_static_assert
    Feature record: C_FEATURE:1c_variadic_macros


Detecting C [-std=c90] compiler features compiled with the following output:
Change Dir: /Volumes/workplace/APLViewhostAndroid/src/APLViewhostAndroid/common/.cxx/Debug/4d4l463k/x86/CMakeFiles/CMakeTmp

Run Build Command:"/Users/pranavsu/Library/Android/sdk/cmake/3.10.2.4988404/bin/ninja" "cmTC_7ea82"
[1/2] Building C object CMakeFiles/cmTC_7ea82.dir/feature_tests.c.o
[2/2] Linking C executable cmTC_7ea82


    Feature record: C_FEATURE:1c_function_prototypes
    Feature record: C_FEATURE:0c_restrict
    Feature record: C_FEATURE:0c_static_assert
    Feature record: C_FEATURE:0c_variadic_macros
Determining if the CXX compiler works passed with the following output:
Change Dir: /Volumes/workplace/APLViewhostAndroid/src/APLViewhostAndroid/common/.cxx/Debug/4d4l463k/x86/CMakeFiles/CMakeTmp

Run Build Command:"/Users/pranavsu/Library/Android/sdk/cmake/3.10.2.4988404/bin/ninja" "cmTC_0f07f"
[1/2] Building CXX object CMakeFiles/cmTC_0f07f.dir/testCXXCompiler.cxx.o
[2/2] Linking CXX executable cmTC_0f07f


Detecting CXX compiler ABI info compiled with the following output:
Change Dir: /Volumes/workplace/APLViewhostAndroid/src/APLViewhostAndroid/common/.cxx/Debug/4d4l463k/x86/CMakeFiles/CMakeTmp

Run Build Command:"/Users/pranavsu/Library/Android/sdk/cmake/3.10.2.4988404/bin/ninja" "cmTC_03617"
[1/2] Building CXX object CMakeFiles/cmTC_03617.dir/CMakeCXXCompilerABI.cpp.o
[2/2] Linking CXX executable cmTC_03617
Android (7284624, based on r416183b) clang version 12.0.5 (https://android.googlesource.com/toolchain/llvm-project c935d99d7cf2016289302412d708641d52d2f7ee)
Target: i686-none-linux-android22
Thread model: posix
InstalledDir: /Users/pranavsu/Library/Android/sdk/ndk/23.0.7599858/toolchains/llvm/prebuilt/darwin-x86_64/bin
 "/Users/pranavsu/Library/Android/sdk/ndk/23.0.7599858/toolchains/llvm/prebuilt/darwin-x86_64/bin/ld" --sysroot=/Users/pranavsu/Library/Android/sdk/ndk/23.0.7599858/toolchains/llvm/prebuilt/darwin-x86_64/sysroot -pie -z noexecstack --warn-shared-textrel -z now -z relro --hash-style=both --enable-new-dtags --eh-frame-hdr -m elf_i386 -dynamic-linker /system/bin/linker -o cmTC_03617 /Users/pranavsu/Library/Android/sdk/ndk/23.0.7599858/toolchains/llvm/prebuilt/darwin-x86_64/sysroot/usr/lib/i686-linux-android/22/crtbegin_dynamic.o -L/Users/pranavsu/Library/Android/sdk/ndk/23.0.7599858/toolchains/llvm/prebuilt/darwin-x86_64/lib64/clang/12.0.5/lib/linux/i386 -L/Users/pranavsu/Library/Android/sdk/ndk/23.0.7599858/toolchains/llvm/prebuilt/darwin-x86_64/sysroot/usr/lib/i686-linux-android/22 -L/Users/pranavsu/Library/Android/sdk/ndk/23.0.7599858/toolchains/llvm/prebuilt/darwin-x86_64/sysroot/usr/lib/i686-linux-android -L/Users/pranavsu/Library/Android/sdk/ndk/23.0.7599858/toolchains/llvm/prebuilt/darwin-x86_64/sysroot/usr/lib --build-id=sha1 --no-rosegment --fatal-warnings --no-undefined --gc-sections CMakeFiles/cmTC_03617.dir/CMakeCXXCompilerABI.cpp.o -Bstatic -lc++ -Bdynamic -lm /Users/pranavsu/Library/Android/sdk/ndk/23.0.7599858/toolchains/llvm/prebuilt/darwin-x86_64/lib64/clang/12.0.5/lib/linux/libclang_rt.builtins-i686-android.a -l:libunwind.a -ldl -lc /Users/pranavsu/Library/Android/sdk/ndk/23.0.7599858/toolchains/llvm/prebuilt/darwin-x86_64/lib64/clang/12.0.5/lib/linux/libclang_rt.builtins-i686-android.a -l:libunwind.a -ldl /Users/pranavsu/Library/Android/sdk/ndk/23.0.7599858/toolchains/llvm/prebuilt/darwin-x86_64/sysroot/usr/lib/i686-linux-android/22/crtend_android.o


Parsed CXX implicit link information from above output:
  link line regex: [^( *|.*[/\])(CMAKE_LINKER-NOTFOUND|CMAKE_LINK_STARTFILE-NOTFOUND|([^/\]+-)?ld|collect2)[^/\]*( |$)]
  ignore line: [Change Dir: /Volumes/workplace/APLViewhostAndroid/src/APLViewhostAndroid/common/.cxx/Debug/4d4l463k/x86/CMakeFiles/CMakeTmp]
  ignore line: []
  ignore line: [Run Build Command:"/Users/pranavsu/Library/Android/sdk/cmake/3.10.2.4988404/bin/ninja" "cmTC_03617"]
  ignore line: [[1/2] Building CXX object CMakeFiles/cmTC_03617.dir/CMakeCXXCompilerABI.cpp.o]
  ignore line: [[2/2] Linking CXX executable cmTC_03617]
  ignore line: [Android (7284624, based on r416183b) clang version 12.0.5 (https://android.googlesource.com/toolchain/llvm-project c935d99d7cf2016289302412d708641d52d2f7ee)]
  ignore line: [Target: i686-none-linux-android22]
  ignore line: [Thread model: posix]
  ignore line: [InstalledDir: /Users/pranavsu/Library/Android/sdk/ndk/23.0.7599858/toolchains/llvm/prebuilt/darwin-x86_64/bin]
  link line: [ "/Users/pranavsu/Library/Android/sdk/ndk/23.0.7599858/toolchains/llvm/prebuilt/darwin-x86_64/bin/ld" --sysroot=/Users/pranavsu/Library/Android/sdk/ndk/23.0.7599858/toolchains/llvm/prebuilt/darwin-x86_64/sysroot -pie -z noexecstack --warn-shared-textrel -z now -z relro --hash-style=both --enable-new-dtags --eh-frame-hdr -m elf_i386 -dynamic-linker /system/bin/linker -o cmTC_03617 /Users/pranavsu/Library/Android/sdk/ndk/23.0.7599858/toolchains/llvm/prebuilt/darwin-x86_64/sysroot/usr/lib/i686-linux-android/22/crtbegin_dynamic.o -L/Users/pranavsu/Library/Android/sdk/ndk/23.0.7599858/toolchains/llvm/prebuilt/darwin-x86_64/lib64/clang/12.0.5/lib/linux/i386 -L/Users/pranavsu/Library/Android/sdk/ndk/23.0.7599858/toolchains/llvm/prebuilt/darwin-x86_64/sysroot/usr/lib/i686-linux-android/22 -L/Users/pranavsu/Library/Android/sdk/ndk/23.0.7599858/toolchains/llvm/prebuilt/darwin-x86_64/sysroot/usr/lib/i686-linux-android -L/Users/pranavsu/Library/Android/sdk/ndk/23.0.7599858/toolchains/llvm/prebuilt/darwin-x86_64/sysroot/usr/lib --build-id=sha1 --no-rosegment --fatal-warnings --no-undefined --gc-sections CMakeFiles/cmTC_03617.dir/CMakeCXXCompilerABI.cpp.o -Bstatic -lc++ -Bdynamic -lm /Users/pranavsu/Library/Android/sdk/ndk/23.0.7599858/toolchains/llvm/prebuilt/darwin-x86_64/lib64/clang/12.0.5/lib/linux/libclang_rt.builtins-i686-android.a -l:libunwind.a -ldl -lc /Users/pranavsu/Library/Android/sdk/ndk/23.0.7599858/toolchains/llvm/prebuilt/darwin-x86_64/lib64/clang/12.0.5/lib/linux/libclang_rt.builtins-i686-android.a -l:libunwind.a -ldl /Users/pranavsu/Library/Android/sdk/ndk/23.0.7599858/toolchains/llvm/prebuilt/darwin-x86_64/sysroot/usr/lib/i686-linux-android/22/crtend_android.o]
    arg [/Users/pranavsu/Library/Android/sdk/ndk/23.0.7599858/toolchains/llvm/prebuilt/darwin-x86_64/bin/ld] ==> ignore
    arg [--sysroot=/Users/pranavsu/Library/Android/sdk/ndk/23.0.7599858/toolchains/llvm/prebuilt/darwin-x86_64/sysroot] ==> ignore
    arg [-pie] ==> ignore
    arg [-znoexecstack] ==> ignore
    arg [--warn-shared-textrel] ==> ignore
    arg [-znow] ==> ignore
    arg [-zrelro] ==> ignore
    arg [--hash-style=both] ==> ignore
    arg [--enable-new-dtags] ==> ignore
    arg [--eh-frame-hdr] ==> ignore
    arg [-m] ==> ignore
    arg [elf_i386] ==> ignore
    arg [-dynamic-linker] ==> ignore
    arg [/system/bin/linker] ==> ignore
    arg [-o] ==> ignore
    arg [cmTC_03617] ==> ignore
    arg [/Users/pranavsu/Library/Android/sdk/ndk/23.0.7599858/toolchains/llvm/prebuilt/darwin-x86_64/sysroot/usr/lib/i686-linux-android/22/crtbegin_dynamic.o] ==> ignore
    arg [-L/Users/pranavsu/Library/Android/sdk/ndk/23.0.7599858/toolchains/llvm/prebuilt/darwin-x86_64/lib64/clang/12.0.5/lib/linux/i386] ==> dir [/Users/pranavsu/Library/Android/sdk/ndk/23.0.7599858/toolchains/llvm/prebuilt/darwin-x86_64/lib64/clang/12.0.5/lib/linux/i386]
    arg [-L/Users/pranavsu/Library/Android/sdk/ndk/23.0.7599858/toolchains/llvm/prebuilt/darwin-x86_64/sysroot/usr/lib/i686-linux-android/22] ==> dir [/Users/pranavsu/Library/Android/sdk/ndk/23.0.7599858/toolchains/llvm/prebuilt/darwin-x86_64/sysroot/usr/lib/i686-linux-android/22]
    arg [-L/Users/pranavsu/Library/Android/sdk/ndk/23.0.7599858/toolchains/llvm/prebuilt/darwin-x86_64/sysroot/usr/lib/i686-linux-android] ==> dir [/Users/pranavsu/Library/Android/sdk/ndk/23.0.7599858/toolchains/llvm/prebuilt/darwin-x86_64/sysroot/usr/lib/i686-linux-android]
    arg [-L/Users/pranavsu/Library/Android/sdk/ndk/23.0.7599858/toolchains/llvm/prebuilt/darwin-x86_64/sysroot/usr/lib] ==> dir [/Users/pranavsu/Library/Android/sdk/ndk/23.0.7599858/toolchains/llvm/prebuilt/darwin-x86_64/sysroot/usr/lib]
    arg [--build-id=sha1] ==> ignore
    arg [--no-rosegment] ==> ignore
    arg [--fatal-warnings] ==> ignore
    arg [--no-undefined] ==> ignore
    arg [--gc-sections] ==> ignore
    arg [CMakeFiles/cmTC_03617.dir/CMakeCXXCompilerABI.cpp.o] ==> ignore
    arg [-Bstatic] ==> ignore
    arg [-lc++] ==> lib [c++]
    arg [-Bdynamic] ==> ignore
    arg [-lm] ==> lib [m]
    arg [/Users/pranavsu/Library/Android/sdk/ndk/23.0.7599858/toolchains/llvm/prebuilt/darwin-x86_64/lib64/clang/12.0.5/lib/linux/libclang_rt.builtins-i686-android.a] ==> lib [/Users/pranavsu/Library/Android/sdk/ndk/23.0.7599858/toolchains/llvm/prebuilt/darwin-x86_64/lib64/clang/12.0.5/lib/linux/libclang_rt.builtins-i686-android.a]
    arg [-l:libunwind.a] ==> lib [-l:libunwind.a]
    arg [-ldl] ==> lib [dl]
    arg [-lc] ==> lib [c]
    arg [/Users/pranavsu/Library/Android/sdk/ndk/23.0.7599858/toolchains/llvm/prebuilt/darwin-x86_64/lib64/clang/12.0.5/lib/linux/libclang_rt.builtins-i686-android.a] ==> lib [/Users/pranavsu/Library/Android/sdk/ndk/23.0.7599858/toolchains/llvm/prebuilt/darwin-x86_64/lib64/clang/12.0.5/lib/linux/libclang_rt.builtins-i686-android.a]
    arg [-l:libunwind.a] ==> lib [-l:libunwind.a]
    arg [-ldl] ==> lib [dl]
    arg [/Users/pranavsu/Library/Android/sdk/ndk/23.0.7599858/toolchains/llvm/prebuilt/darwin-x86_64/sysroot/usr/lib/i686-linux-android/22/crtend_android.o] ==> ignore
  remove lib [/Users/pranavsu/Library/Android/sdk/ndk/23.0.7599858/toolchains/llvm/prebuilt/darwin-x86_64/lib64/clang/12.0.5/lib/linux/libclang_rt.builtins-i686-android.a]
  remove lib [/Users/pranavsu/Library/Android/sdk/ndk/23.0.7599858/toolchains/llvm/prebuilt/darwin-x86_64/lib64/clang/12.0.5/lib/linux/libclang_rt.builtins-i686-android.a]
  collapse library dir [/Users/pranavsu/Library/Android/sdk/ndk/23.0.7599858/toolchains/llvm/prebuilt/darwin-x86_64/lib64/clang/12.0.5/lib/linux/i386] ==> [/Users/pranavsu/Library/Android/sdk/ndk/23.0.7599858/toolchains/llvm/prebuilt/darwin-x86_64/lib64/clang/12.0.5/lib/linux/i386]
  collapse library dir [/Users/pranavsu/Library/Android/sdk/ndk/23.0.7599858/toolchains/llvm/prebuilt/darwin-x86_64/sysroot/usr/lib/i686-linux-android/22] ==> [/Users/pranavsu/Library/Android/sdk/ndk/23.0.7599858/toolchains/llvm/prebuilt/darwin-x86_64/sysroot/usr/lib/i686-linux-android/22]
  collapse library dir [/Users/pranavsu/Library/Android/sdk/ndk/23.0.7599858/toolchains/llvm/prebuilt/darwin-x86_64/sysroot/usr/lib/i686-linux-android] ==> [/Users/pranavsu/Library/Android/sdk/ndk/23.0.7599858/toolchains/llvm/prebuilt/darwin-x86_64/sysroot/usr/lib/i686-linux-android]
  collapse library dir [/Users/pranavsu/Library/Android/sdk/ndk/23.0.7599858/toolchains/llvm/prebuilt/darwin-x86_64/sysroot/usr/lib] ==> [/Users/pranavsu/Library/Android/sdk/ndk/23.0.7599858/toolchains/llvm/prebuilt/darwin-x86_64/sysroot/usr/lib]
  implicit libs: [c++;m;-l:libunwind.a;dl;c;-l:libunwind.a;dl]
  implicit dirs: [/Users/pranavsu/Library/Android/sdk/ndk/23.0.7599858/toolchains/llvm/prebuilt/darwin-x86_64/lib64/clang/12.0.5/lib/linux/i386;/Users/pranavsu/Library/Android/sdk/ndk/23.0.7599858/toolchains/llvm/prebuilt/darwin-x86_64/sysroot/usr/lib/i686-linux-android/22;/Users/pranavsu/Library/Android/sdk/ndk/23.0.7599858/toolchains/llvm/prebuilt/darwin-x86_64/sysroot/usr/lib/i686-linux-android;/Users/pranavsu/Library/Android/sdk/ndk/23.0.7599858/toolchains/llvm/prebuilt/darwin-x86_64/sysroot/usr/lib]
  implicit fwks: []




Detecting CXX [-std=c++1z] compiler features compiled with the following output:
Change Dir: /Volumes/workplace/APLViewhostAndroid/src/APLViewhostAndroid/common/.cxx/Debug/4d4l463k/x86/CMakeFiles/CMakeTmp

Run Build Command:"/Users/pranavsu/Library/Android/sdk/cmake/3.10.2.4988404/bin/ninja" "cmTC_86ef9"
[1/2] Building CXX object CMakeFiles/cmTC_86ef9.dir/feature_tests.cxx.o
[2/2] Linking CXX executable cmTC_86ef9


    Feature record: CXX_FEATURE:1cxx_aggregate_default_initializers
    Feature record: CXX_FEATURE:1cxx_alias_templates
    Feature record: CXX_FEATURE:1cxx_alignas
    Feature record: CXX_FEATURE:1cxx_alignof
    Feature record: CXX_FEATURE:1cxx_attributes
    Feature record: CXX_FEATURE:1cxx_attribute_deprecated
    Feature record: CXX_FEATURE:1cxx_auto_type
    Feature record: CXX_FEATURE:1cxx_binary_literals
    Feature record: CXX_FEATURE:1cxx_constexpr
    Feature record: CXX_FEATURE:1cxx_contextual_conversions
    Feature record: CXX_FEATURE:1cxx_decltype
    Feature record: CXX_FEATURE:1cxx_decltype_auto
    Feature record: CXX_FEATURE:1cxx_decltype_incomplete_return_types
    Feature record: CXX_FEATURE:1cxx_default_function_template_args
    Feature record: CXX_FEATURE:1cxx_defaulted_functions
    Feature record: CXX_FEATURE:1cxx_defaulted_move_initializers
    Feature record: CXX_FEATURE:1cxx_delegating_constructors
    Feature record: CXX_FEATURE:1cxx_deleted_functions
    Feature record: CXX_FEATURE:1cxx_digit_separators
    Feature record: CXX_FEATURE:1cxx_enum_forward_declarations
    Feature record: CXX_FEATURE:1cxx_explicit_conversions
    Feature record: CXX_FEATURE:1cxx_extended_friend_declarations
    Feature record: CXX_FEATURE:1cxx_extern_templates
    Feature record: CXX_FEATURE:1cxx_final
    Feature record: CXX_FEATURE:1cxx_func_identifier
    Feature record: CXX_FEATURE:1cxx_generalized_initializers
    Feature record: CXX_FEATURE:1cxx_generic_lambdas
    Feature record: CXX_FEATURE:1cxx_inheriting_constructors
    Feature record: CXX_FEATURE:1cxx_inline_namespaces
    Feature record: CXX_FEATURE:1cxx_lambdas
    Feature record: CXX_FEATURE:1cxx_lambda_init_captures
    Feature record: CXX_FEATURE:1cxx_local_type_template_args
    Feature record: CXX_FEATURE:1cxx_long_long_type
    Feature record: CXX_FEATURE:1cxx_noexcept
    Feature record: CXX_FEATURE:1cxx_nonstatic_member_init
    Feature record: CXX_FEATURE:1cxx_nullptr
    Feature record: CXX_FEATURE:1cxx_override
    Feature record: CXX_FEATURE:1cxx_range_for
    Feature record: CXX_FEATURE:1cxx_raw_string_literals
    Feature record: CXX_FEATURE:1cxx_reference_qualified_functions
    Feature record: CXX_FEATURE:1cxx_relaxed_constexpr
    Feature record: CXX_FEATURE:1cxx_return_type_deduction
    Feature record: CXX_FEATURE:1cxx_right_angle_brackets
    Feature record: CXX_FEATURE:1cxx_rvalue_references
    Feature record: CXX_FEATURE:1cxx_sizeof_member
    Feature record: CXX_FEATURE:1cxx_static_assert
    Feature record: CXX_FEATURE:1cxx_strong_enums
    Feature record: CXX_FEATURE:1cxx_template_template_parameters
    Feature record: CXX_FEATURE:1cxx_thread_local
    Feature record: CXX_FEATURE:1cxx_trailing_return_types
    Feature record: CXX_FEATURE:1cxx_unicode_literals
    Feature record: CXX_FEATURE:1cxx_uniform_initialization
    Feature record: CXX_FEATURE:1cxx_unrestricted_unions
    Feature record: CXX_FEATURE:1cxx_user_literals
    Feature record: CXX_FEATURE:1cxx_variable_templates
    Feature record: CXX_FEATURE:1cxx_variadic_macros
    Feature record: CXX_FEATURE:1cxx_variadic_templates


Detecting CXX [-std=c++14] compiler features compiled with the following output:
Change Dir: /Volumes/workplace/APLViewhostAndroid/src/APLViewhostAndroid/common/.cxx/Debug/4d4l463k/x86/CMakeFiles/CMakeTmp

Run Build Command:"/Users/pranavsu/Library/Android/sdk/cmake/3.10.2.4988404/bin/ninja" "cmTC_6fe57"
[1/2] Building CXX object CMakeFiles/cmTC_6fe57.dir/feature_tests.cxx.o
[2/2] Linking CXX executable cmTC_6fe57


    Feature record: CXX_FEATURE:1cxx_aggregate_default_initializers
    Feature record: CXX_FEATURE:1cxx_alias_templates
    Feature record: CXX_FEATURE:1cxx_alignas
    Feature record: CXX_FEATURE:1cxx_alignof
    Feature record: CXX_FEATURE:1cxx_attributes
    Feature record: CXX_FEATURE:1cxx_attribute_deprecated
    Feature record: CXX_FEATURE:1cxx_auto_type
    Feature record: CXX_FEATURE:1cxx_binary_literals
    Feature record: CXX_FEATURE:1cxx_constexpr
    Feature record: CXX_FEATURE:1cxx_contextual_conversions
    Feature record: CXX_FEATURE:1cxx_decltype
    Feature record: CXX_FEATURE:1cxx_decltype_auto
    Feature record: CXX_FEATURE:1cxx_decltype_incomplete_return_types
    Feature record: CXX_FEATURE:1cxx_default_function_template_args
    Feature record: CXX_FEATURE:1cxx_defaulted_functions
    Feature record: CXX_FEATURE:1cxx_defaulted_move_initializers
    Feature record: CXX_FEATURE:1cxx_delegating_constructors
    Feature record: CXX_FEATURE:1cxx_deleted_functions
    Feature record: CXX_FEATURE:1cxx_digit_separators
    Feature record: CXX_FEATURE:1cxx_enum_forward_declarations
    Feature record: CXX_FEATURE:1cxx_explicit_conversions
    Feature record: CXX_FEATURE:1cxx_extended_friend_declarations
    Feature record: CXX_FEATURE:1cxx_extern_templates
    Feature record: CXX_FEATURE:1cxx_final
    Feature record: CXX_FEATURE:1cxx_func_identifier
    Feature record: CXX_FEATURE:1cxx_generalized_initializers
    Feature record: CXX_FEATURE:1cxx_generic_lambdas
    Feature record: CXX_FEATURE:1cxx_inheriting_constructors
    Feature record: CXX_FEATURE:1cxx_inline_namespaces
    Feature record: CXX_FEATURE:1cxx_lambdas
    Feature record: CXX_FEATURE:1cxx_lambda_init_captures
    Feature record: CXX_FEATURE:1cxx_local_type_template_args
    Feature record: CXX_FEATURE:1cxx_long_long_type
    Feature record: CXX_FEATURE:1cxx_noexcept
    Feature record: CXX_FEATURE:1cxx_nonstatic_member_init
    Feature record: CXX_FEATURE:1cxx_nullptr
    Feature record: CXX_FEATURE:1cxx_override
    Feature record: CXX_FEATURE:1cxx_range_for
    Feature record: CXX_FEATURE:1cxx_raw_string_literals
    Feature record: CXX_FEATURE:1cxx_reference_qualified_functions
    Feature record: CXX_FEATURE:1cxx_relaxed_constexpr
    Feature record: CXX_FEATURE:1cxx_return_type_deduction
    Feature record: CXX_FEATURE:1cxx_right_angle_brackets
    Feature record: CXX_FEATURE:1cxx_rvalue_references
    Feature record: CXX_FEATURE:1cxx_sizeof_member
    Feature record: CXX_FEATURE:1cxx_static_assert
    Feature record: CXX_FEATURE:1cxx_strong_enums
    Feature record: CXX_FEATURE:1cxx_template_template_parameters
    Feature record: CXX_FEATURE:1cxx_thread_local
    Feature record: CXX_FEATURE:1cxx_trailing_return_types
    Feature record: CXX_FEATURE:1cxx_unicode_literals
    Feature record: CXX_FEATURE:1cxx_uniform_initialization
    Feature record: CXX_FEATURE:1cxx_unrestricted_unions
    Feature record: CXX_FEATURE:1cxx_user_literals
    Feature record: CXX_FEATURE:1cxx_variable_templates
    Feature record: CXX_FEATURE:1cxx_variadic_macros
    Feature record: CXX_FEATURE:1cxx_variadic_templates


Detecting CXX [-std=c++11] compiler features compiled with the following output:
Change Dir: /Volumes/workplace/APLViewhostAndroid/src/APLViewhostAndroid/common/.cxx/Debug/4d4l463k/x86/CMakeFiles/CMakeTmp

Run Build Command:"/Users/pranavsu/Library/Android/sdk/cmake/3.10.2.4988404/bin/ninja" "cmTC_c46df"
[1/2] Building CXX object CMakeFiles/cmTC_c46df.dir/feature_tests.cxx.o
[2/2] Linking CXX executable cmTC_c46df


    Feature record: CXX_FEATURE:0cxx_aggregate_default_initializers
    Feature record: CXX_FEATURE:1cxx_alias_templates
    Feature record: CXX_FEATURE:1cxx_alignas
    Feature record: CXX_FEATURE:1cxx_alignof
    Feature record: CXX_FEATURE:1cxx_attributes
    Feature record: CXX_FEATURE:0cxx_attribute_deprecated
    Feature record: CXX_FEATURE:1cxx_auto_type
    Feature record: CXX_FEATURE:0cxx_binary_literals
    Feature record: CXX_FEATURE:1cxx_constexpr
    Feature record: CXX_FEATURE:0cxx_contextual_conversions
    Feature record: CXX_FEATURE:1cxx_decltype
    Feature record: CXX_FEATURE:0cxx_decltype_auto
    Feature record: CXX_FEATURE:1cxx_decltype_incomplete_return_types
    Feature record: CXX_FEATURE:1cxx_default_function_template_args
    Feature record: CXX_FEATURE:1cxx_defaulted_functions
    Feature record: CXX_FEATURE:1cxx_defaulted_move_initializers
    Feature record: CXX_FEATURE:1cxx_delegating_constructors
    Feature record: CXX_FEATURE:1cxx_deleted_functions
    Feature record: CXX_FEATURE:0cxx_digit_separators
    Feature record: CXX_FEATURE:1cxx_enum_forward_declarations
    Feature record: CXX_FEATURE:1cxx_explicit_conversions
    Feature record: CXX_FEATURE:1cxx_extended_friend_declarations
    Feature record: CXX_FEATURE:1cxx_extern_templates
    Feature record: CXX_FEATURE:1cxx_final
    Feature record: CXX_FEATURE:1cxx_func_identifier
    Feature record: CXX_FEATURE:1cxx_generalized_initializers
    Feature record: CXX_FEATURE:0cxx_generic_lambdas
    Feature record: CXX_FEATURE:1cxx_inheriting_constructors
    Feature record: CXX_FEATURE:1cxx_inline_namespaces
    Feature record: CXX_FEATURE:1cxx_lambdas
    Feature record: CXX_FEATURE:0cxx_lambda_init_captures
    Feature record: CXX_FEATURE:1cxx_local_type_template_args
    Feature record: CXX_FEATURE:1cxx_long_long_type
    Feature record: CXX_FEATURE:1cxx_noexcept
    Feature record: CXX_FEATURE:1cxx_nonstatic_member_init
    Feature record: CXX_FEATURE:1cxx_nullptr
    Feature record: CXX_FEATURE:1cxx_override
    Feature record: CXX_FEATURE:1cxx_range_for
    Feature record: CXX_FEATURE:1cxx_raw_string_literals
    Feature record: CXX_FEATURE:1cxx_reference_qualified_functions
    Feature record: CXX_FEATURE:0cxx_relaxed_constexpr
    Feature record: CXX_FEATURE:0cxx_return_type_deduction
    Feature record: CXX_FEATURE:1cxx_right_angle_brackets
    Feature record: CXX_FEATURE:1cxx_rvalue_references
    Feature record: CXX_FEATURE:1cxx_sizeof_member
    Feature record: CXX_FEATURE:1cxx_static_assert
    Feature record: CXX_FEATURE:1cxx_strong_enums
    Feature record: CXX_FEATURE:1cxx_template_template_parameters
    Feature record: CXX_FEATURE:1cxx_thread_local
    Feature record: CXX_FEATURE:1cxx_trailing_return_types
    Feature record: CXX_FEATURE:1cxx_unicode_literals
    Feature record: CXX_FEATURE:1cxx_uniform_initialization
    Feature record: CXX_FEATURE:1cxx_unrestricted_unions
    Feature record: CXX_FEATURE:1cxx_user_literals
    Feature record: CXX_FEATURE:0cxx_variable_templates
    Feature record: CXX_FEATURE:1cxx_variadic_macros
    Feature record: CXX_FEATURE:1cxx_variadic_templates


Detecting CXX [-std=c++98] compiler features compiled with the following output:
Change Dir: /Volumes/workplace/APLViewhostAndroid/src/APLViewhostAndroid/common/.cxx/Debug/4d4l463k/x86/CMakeFiles/CMakeTmp

Run Build Command:"/Users/pranavsu/Library/Android/sdk/cmake/3.10.2.4988404/bin/ninja" "cmTC_d42e7"
[1/2] Building CXX object CMakeFiles/cmTC_d42e7.dir/feature_tests.cxx.o
[2/2] Linking CXX executable cmTC_d42e7


    Feature record: CXX_FEATURE:0cxx_aggregate_default_initializers
    Feature record: CXX_FEATURE:0cxx_alias_templates
    Feature record: CXX_FEATURE:0cxx_alignas
    Feature record: CXX_FEATURE:0cxx_alignof
    Feature record: CXX_FEATURE:0cxx_attributes
    Feature record: CXX_FEATURE:0cxx_attribute_deprecated
    Feature record: CXX_FEATURE:0cxx_auto_type
    Feature record: CXX_FEATURE:0cxx_binary_literals
    Feature record: CXX_FEATURE:0cxx_constexpr
    Feature record: CXX_FEATURE:0cxx_contextual_conversions
    Feature record: CXX_FEATURE:0cxx_decltype
    Feature record: CXX_FEATURE:0cxx_decltype_auto
    Feature record: CXX_FEATURE:0cxx_decltype_incomplete_return_types
    Feature record: CXX_FEATURE:0cxx_default_function_template_args
    Feature record: CXX_FEATURE:0cxx_defaulted_functions
    Feature record: CXX_FEATURE:0cxx_defaulted_move_initializers
    Feature record: CXX_FEATURE:0cxx_delegating_constructors
    Feature record: CXX_FEATURE:0cxx_deleted_functions
    Feature record: CXX_FEATURE:0cxx_digit_separators
    Feature record: CXX_FEATURE:0cxx_enum_forward_declarations
    Feature record: CXX_FEATURE:0cxx_explicit_conversions
    Feature record: CXX_FEATURE:0cxx_extended_friend_declarations
    Feature record: CXX_FEATURE:0cxx_extern_templates
    Feature record: CXX_FEATURE:0cxx_final
    Feature record: CXX_FEATURE:0cxx_func_identifier
    Feature record: CXX_FEATURE:0cxx_generalized_initializers
    Feature record: CXX_FEATURE:0cxx_generic_lambdas
    Feature record: CXX_FEATURE:0cxx_inheriting_constructors
    Feature record: CXX_FEATURE:0cxx_inline_namespaces
    Feature record: CXX_FEATURE:0cxx_lambdas
    Feature record: CXX_FEATURE:0cxx_lambda_init_captures
    Feature record: CXX_FEATURE:0cxx_local_type_template_args
    Feature record: CXX_FEATURE:0cxx_long_long_type
    Feature record: CXX_FEATURE:0cxx_noexcept
    Feature record: CXX_FEATURE:0cxx_nonstatic_member_init
    Feature record: CXX_FEATURE:0cxx_nullptr
    Feature record: CXX_FEATURE:0cxx_override
    Feature record: CXX_FEATURE:0cxx_range_for
    Feature record: CXX_FEATURE:0cxx_raw_string_literals
    Feature record: CXX_FEATURE:0cxx_reference_qualified_functions
    Feature record: CXX_FEATURE:0cxx_relaxed_constexpr
    Feature record: CXX_FEATURE:0cxx_return_type_deduction
    Feature record: CXX_FEATURE:0cxx_right_angle_brackets
    Feature record: CXX_FEATURE:0cxx_rvalue_references
    Feature record: CXX_FEATURE:0cxx_sizeof_member
    Feature record: CXX_FEATURE:0cxx_static_assert
    Feature record: CXX_FEATURE:0cxx_strong_enums
    Feature record: CXX_FEATURE:1cxx_template_template_parameters
    Feature record: CXX_FEATURE:0cxx_thread_local
    Feature record: CXX_FEATURE:0cxx_trailing_return_types
    Feature record: CXX_FEATURE:0cxx_unicode_literals
    Feature record: CXX_FEATURE:0cxx_uniform_initialization
    Feature record: CXX_FEATURE:0cxx_unrestricted_unions
    Feature record: CXX_FEATURE:0cxx_user_literals
    Feature record: CXX_FEATURE:0cxx_variable_templates
    Feature record: CXX_FEATURE:0cxx_variadic_macros
    Feature record: CXX_FEATURE:0cxx_variadic_templates
