The target system is: Android - 1 - armv7-a
The host system is: Darwin - 20.6.0 - x86_64
Compiling the C compiler identification source file "CMakeCCompilerId.c" succeeded.
Compiler: /Users/pranavsu/Library/Android/sdk/ndk/22.0.7026061/toolchains/llvm/prebuilt/darwin-x86_64/bin/clang 
Build flags: 
Id flags: -c 

The output was:
0


Compilation of the C compiler identification source "CMakeCCompilerId.c" produced "CMakeCCompilerId.o"

The C compiler identification is Clang, found in "/Users/pranavsu/Documents/fixed_open_source/apl-viewhost-android/discovery/.cxx/cmake/release/armeabi-v7a/CMakeFiles/3.10.2/CompilerIdC/CMakeCCompilerId.o"

Compiling the CXX compiler identification source file "CMakeCXXCompilerId.cpp" succeeded.
Compiler: /Users/pranavsu/Library/Android/sdk/ndk/22.0.7026061/toolchains/llvm/prebuilt/darwin-x86_64/bin/clang++ 
Build flags: 
Id flags: -c 

The output was:
0


Compilation of the CXX compiler identification source "CMakeCXXCompilerId.cpp" produced "CMakeCXXCompilerId.o"

The CXX compiler identification is Clang, found in "/Users/pranavsu/Documents/fixed_open_source/apl-viewhost-android/discovery/.cxx/cmake/release/armeabi-v7a/CMakeFiles/3.10.2/CompilerIdCXX/CMakeCXXCompilerId.o"

Determining if the C compiler works passed with the following output:
Change Dir: /Users/pranavsu/Documents/fixed_open_source/apl-viewhost-android/discovery/.cxx/cmake/release/armeabi-v7a/CMakeFiles/CMakeTmp

Run Build Command:"/Users/pranavsu/Library/Android/sdk/cmake/3.10.2.4988404/bin/ninja" "cmTC_4eb4c"
[1/2] Building C object CMakeFiles/cmTC_4eb4c.dir/testCCompiler.c.o
[2/2] Linking C executable cmTC_4eb4c


Detecting C compiler ABI info compiled with the following output:
Change Dir: /Users/pranavsu/Documents/fixed_open_source/apl-viewhost-android/discovery/.cxx/cmake/release/armeabi-v7a/CMakeFiles/CMakeTmp

Run Build Command:"/Users/pranavsu/Library/Android/sdk/cmake/3.10.2.4988404/bin/ninja" "cmTC_bd8fb"
[1/2] Building C object CMakeFiles/cmTC_bd8fb.dir/CMakeCCompilerABI.c.o
[2/2] Linking C executable cmTC_bd8fb
Android (6875598, based on r399163b) clang version 11.0.5 (https://android.googlesource.com/toolchain/llvm-project 87f1315dfbea7c137aa2e6d362dbb457e388158d)
Target: armv7-none-linux-android22
Thread model: posix
InstalledDir: /Users/pranavsu/Library/Android/sdk/ndk/22.0.7026061/toolchains/llvm/prebuilt/darwin-x86_64/bin
Found candidate GCC installation: /Users/pranavsu/Library/Android/sdk/ndk/22.0.7026061/toolchains/llvm/prebuilt/darwin-x86_64/lib/gcc/arm-linux-androideabi/4.9.x
Selected GCC installation: /Users/pranavsu/Library/Android/sdk/ndk/22.0.7026061/toolchains/llvm/prebuilt/darwin-x86_64/lib/gcc/arm-linux-androideabi/4.9.x
Candidate multilib: thumb;@mthumb
Candidate multilib: armv7-a;@march=armv7-a
Candidate multilib: armv7-a/thumb;@march=armv7-a@mthumb
Candidate multilib: .;
Selected multilib: armv7-a/thumb;@march=armv7-a@mthumb
 "/Users/pranavsu/Library/Android/sdk/ndk/22.0.7026061/toolchains/llvm/prebuilt/darwin-x86_64/bin/ld" --sysroot=/Users/pranavsu/Library/Android/sdk/ndk/22.0.7026061/toolchains/llvm/prebuilt/darwin-x86_64/sysroot -pie -z noexecstack -EL --warn-shared-textrel -z now -z relro -z max-page-size=4096 -X --hash-style=both --enable-new-dtags --eh-frame-hdr -m armelf_linux_eabi -dynamic-linker /system/bin/linker -o cmTC_bd8fb /Users/pranavsu/Library/Android/sdk/ndk/22.0.7026061/toolchains/llvm/prebuilt/darwin-x86_64/sysroot/usr/lib/arm-linux-androideabi/22/crtbegin_dynamic.o -L/Users/pranavsu/Library/Android/sdk/ndk/22.0.7026061/toolchains/llvm/prebuilt/darwin-x86_64/lib64/clang/11.0.5/lib/linux/arm -L/Users/pranavsu/Library/Android/sdk/ndk/22.0.7026061/toolchains/llvm/prebuilt/darwin-x86_64/lib/gcc/arm-linux-androideabi/4.9.x/armv7-a/thumb -L/Users/pranavsu/Library/Android/sdk/ndk/22.0.7026061/toolchains/llvm/prebuilt/darwin-x86_64/lib/gcc/arm-linux-androideabi/4.9.x/../../../../arm-linux-androideabi/lib/../lib/armv7-a/thumb -L/Users/pranavsu/Library/Android/sdk/ndk/22.0.7026061/toolchains/llvm/prebuilt/darwin-x86_64/sysroot/usr/lib/arm-linux-androideabi/22 -L/Users/pranavsu/Library/Android/sdk/ndk/22.0.7026061/toolchains/llvm/prebuilt/darwin-x86_64/sysroot/usr/lib/arm-linux-androideabi -L/Users/pranavsu/Library/Android/sdk/ndk/22.0.7026061/toolchains/llvm/prebuilt/darwin-x86_64/sysroot/usr/lib/../lib -L/Users/pranavsu/Library/Android/sdk/ndk/22.0.7026061/toolchains/llvm/prebuilt/darwin-x86_64/sysroot/usr/lib/arm-linux-androideabi/../../lib -L/Users/pranavsu/Library/Android/sdk/ndk/22.0.7026061/toolchains/llvm/prebuilt/darwin-x86_64/lib/gcc/arm-linux-androideabi/4.9.x/../../../../arm-linux-androideabi/lib/armv7-a/thumb -L/Users/pranavsu/Library/Android/sdk/ndk/22.0.7026061/toolchains/llvm/prebuilt/darwin-x86_64/sysroot/usr/lib --exclude-libs libgcc.a --exclude-libs libgcc_real.a --exclude-libs libatomic.a --build-id=sha1 --no-rosegment --fatal-warnings --exclude-libs libunwind.a --no-undefined --gc-sections CMakeFiles/cmTC_bd8fb.dir/CMakeCCompilerABI.c.o -lgcc -ldl -lc -lgcc -ldl /Users/pranavsu/Library/Android/sdk/ndk/22.0.7026061/toolchains/llvm/prebuilt/darwin-x86_64/sysroot/usr/lib/arm-linux-androideabi/22/crtend_android.o


Parsed C implicit link information from above output:
  link line regex: [^( *|.*[/\])(CMAKE_LINKER-NOTFOUND|CMAKE_LINK_STARTFILE-NOTFOUND|([^/\]+-)?ld|collect2)[^/\]*( |$)]
  ignore line: [Change Dir: /Users/pranavsu/Documents/fixed_open_source/apl-viewhost-android/discovery/.cxx/cmake/release/armeabi-v7a/CMakeFiles/CMakeTmp]
  ignore line: []
  ignore line: [Run Build Command:"/Users/pranavsu/Library/Android/sdk/cmake/3.10.2.4988404/bin/ninja" "cmTC_bd8fb"]
  ignore line: [[1/2] Building C object CMakeFiles/cmTC_bd8fb.dir/CMakeCCompilerABI.c.o]
  ignore line: [[2/2] Linking C executable cmTC_bd8fb]
  ignore line: [Android (6875598, based on r399163b) clang version 11.0.5 (https://android.googlesource.com/toolchain/llvm-project 87f1315dfbea7c137aa2e6d362dbb457e388158d)]
  ignore line: [Target: armv7-none-linux-android22]
  ignore line: [Thread model: posix]
  ignore line: [InstalledDir: /Users/pranavsu/Library/Android/sdk/ndk/22.0.7026061/toolchains/llvm/prebuilt/darwin-x86_64/bin]
  ignore line: [Found candidate GCC installation: /Users/pranavsu/Library/Android/sdk/ndk/22.0.7026061/toolchains/llvm/prebuilt/darwin-x86_64/lib/gcc/arm-linux-androideabi/4.9.x]
  ignore line: [Selected GCC installation: /Users/pranavsu/Library/Android/sdk/ndk/22.0.7026061/toolchains/llvm/prebuilt/darwin-x86_64/lib/gcc/arm-linux-androideabi/4.9.x]
  ignore line: [Candidate multilib: thumb]
  ignore line: [@mthumb]
  ignore line: [Candidate multilib: armv7-a]
  ignore line: [@march=armv7-a]
  ignore line: [Candidate multilib: armv7-a/thumb]
  ignore line: [@march=armv7-a@mthumb]
  ignore line: [Candidate multilib: .]
  ignore line: []
  ignore line: [Selected multilib: armv7-a/thumb]
  ignore line: [@march=armv7-a@mthumb]
  link line: [ "/Users/pranavsu/Library/Android/sdk/ndk/22.0.7026061/toolchains/llvm/prebuilt/darwin-x86_64/bin/ld" --sysroot=/Users/pranavsu/Library/Android/sdk/ndk/22.0.7026061/toolchains/llvm/prebuilt/darwin-x86_64/sysroot -pie -z noexecstack -EL --warn-shared-textrel -z now -z relro -z max-page-size=4096 -X --hash-style=both --enable-new-dtags --eh-frame-hdr -m armelf_linux_eabi -dynamic-linker /system/bin/linker -o cmTC_bd8fb /Users/pranavsu/Library/Android/sdk/ndk/22.0.7026061/toolchains/llvm/prebuilt/darwin-x86_64/sysroot/usr/lib/arm-linux-androideabi/22/crtbegin_dynamic.o -L/Users/pranavsu/Library/Android/sdk/ndk/22.0.7026061/toolchains/llvm/prebuilt/darwin-x86_64/lib64/clang/11.0.5/lib/linux/arm -L/Users/pranavsu/Library/Android/sdk/ndk/22.0.7026061/toolchains/llvm/prebuilt/darwin-x86_64/lib/gcc/arm-linux-androideabi/4.9.x/armv7-a/thumb -L/Users/pranavsu/Library/Android/sdk/ndk/22.0.7026061/toolchains/llvm/prebuilt/darwin-x86_64/lib/gcc/arm-linux-androideabi/4.9.x/../../../../arm-linux-androideabi/lib/../lib/armv7-a/thumb -L/Users/pranavsu/Library/Android/sdk/ndk/22.0.7026061/toolchains/llvm/prebuilt/darwin-x86_64/sysroot/usr/lib/arm-linux-androideabi/22 -L/Users/pranavsu/Library/Android/sdk/ndk/22.0.7026061/toolchains/llvm/prebuilt/darwin-x86_64/sysroot/usr/lib/arm-linux-androideabi -L/Users/pranavsu/Library/Android/sdk/ndk/22.0.7026061/toolchains/llvm/prebuilt/darwin-x86_64/sysroot/usr/lib/../lib -L/Users/pranavsu/Library/Android/sdk/ndk/22.0.7026061/toolchains/llvm/prebuilt/darwin-x86_64/sysroot/usr/lib/arm-linux-androideabi/../../lib -L/Users/pranavsu/Library/Android/sdk/ndk/22.0.7026061/toolchains/llvm/prebuilt/darwin-x86_64/lib/gcc/arm-linux-androideabi/4.9.x/../../../../arm-linux-androideabi/lib/armv7-a/thumb -L/Users/pranavsu/Library/Android/sdk/ndk/22.0.7026061/toolchains/llvm/prebuilt/darwin-x86_64/sysroot/usr/lib --exclude-libs libgcc.a --exclude-libs libgcc_real.a --exclude-libs libatomic.a --build-id=sha1 --no-rosegment --fatal-warnings --exclude-libs libunwind.a --no-undefined --gc-sections CMakeFiles/cmTC_bd8fb.dir/CMakeCCompilerABI.c.o -lgcc -ldl -lc -lgcc -ldl /Users/pranavsu/Library/Android/sdk/ndk/22.0.7026061/toolchains/llvm/prebuilt/darwin-x86_64/sysroot/usr/lib/arm-linux-androideabi/22/crtend_android.o]
    arg [/Users/pranavsu/Library/Android/sdk/ndk/22.0.7026061/toolchains/llvm/prebuilt/darwin-x86_64/bin/ld] ==> ignore
    arg [--sysroot=/Users/pranavsu/Library/Android/sdk/ndk/22.0.7026061/toolchains/llvm/prebuilt/darwin-x86_64/sysroot] ==> ignore
    arg [-pie] ==> ignore
    arg [-znoexecstack] ==> ignore
    arg [-EL] ==> ignore
    arg [--warn-shared-textrel] ==> ignore
    arg [-znow] ==> ignore
    arg [-zrelro] ==> ignore
    arg [-zmax-page-size=4096] ==> ignore
    arg [-X] ==> ignore
    arg [--hash-style=both] ==> ignore
    arg [--enable-new-dtags] ==> ignore
    arg [--eh-frame-hdr] ==> ignore
    arg [-m] ==> ignore
    arg [armelf_linux_eabi] ==> ignore
    arg [-dynamic-linker] ==> ignore
    arg [/system/bin/linker] ==> ignore
    arg [-o] ==> ignore
    arg [cmTC_bd8fb] ==> ignore
    arg [/Users/pranavsu/Library/Android/sdk/ndk/22.0.7026061/toolchains/llvm/prebuilt/darwin-x86_64/sysroot/usr/lib/arm-linux-androideabi/22/crtbegin_dynamic.o] ==> ignore
    arg [-L/Users/pranavsu/Library/Android/sdk/ndk/22.0.7026061/toolchains/llvm/prebuilt/darwin-x86_64/lib64/clang/11.0.5/lib/linux/arm] ==> dir [/Users/pranavsu/Library/Android/sdk/ndk/22.0.7026061/toolchains/llvm/prebuilt/darwin-x86_64/lib64/clang/11.0.5/lib/linux/arm]
    arg [-L/Users/pranavsu/Library/Android/sdk/ndk/22.0.7026061/toolchains/llvm/prebuilt/darwin-x86_64/lib/gcc/arm-linux-androideabi/4.9.x/armv7-a/thumb] ==> dir [/Users/pranavsu/Library/Android/sdk/ndk/22.0.7026061/toolchains/llvm/prebuilt/darwin-x86_64/lib/gcc/arm-linux-androideabi/4.9.x/armv7-a/thumb]
    arg [-L/Users/pranavsu/Library/Android/sdk/ndk/22.0.7026061/toolchains/llvm/prebuilt/darwin-x86_64/lib/gcc/arm-linux-androideabi/4.9.x/../../../../arm-linux-androideabi/lib/../lib/armv7-a/thumb] ==> dir [/Users/pranavsu/Library/Android/sdk/ndk/22.0.7026061/toolchains/llvm/prebuilt/darwin-x86_64/lib/gcc/arm-linux-androideabi/4.9.x/../../../../arm-linux-androideabi/lib/../lib/armv7-a/thumb]
    arg [-L/Users/pranavsu/Library/Android/sdk/ndk/22.0.7026061/toolchains/llvm/prebuilt/darwin-x86_64/sysroot/usr/lib/arm-linux-androideabi/22] ==> dir [/Users/pranavsu/Library/Android/sdk/ndk/22.0.7026061/toolchains/llvm/prebuilt/darwin-x86_64/sysroot/usr/lib/arm-linux-androideabi/22]
    arg [-L/Users/pranavsu/Library/Android/sdk/ndk/22.0.7026061/toolchains/llvm/prebuilt/darwin-x86_64/sysroot/usr/lib/arm-linux-androideabi] ==> dir [/Users/pranavsu/Library/Android/sdk/ndk/22.0.7026061/toolchains/llvm/prebuilt/darwin-x86_64/sysroot/usr/lib/arm-linux-androideabi]
    arg [-L/Users/pranavsu/Library/Android/sdk/ndk/22.0.7026061/toolchains/llvm/prebuilt/darwin-x86_64/sysroot/usr/lib/../lib] ==> dir [/Users/pranavsu/Library/Android/sdk/ndk/22.0.7026061/toolchains/llvm/prebuilt/darwin-x86_64/sysroot/usr/lib/../lib]
    arg [-L/Users/pranavsu/Library/Android/sdk/ndk/22.0.7026061/toolchains/llvm/prebuilt/darwin-x86_64/sysroot/usr/lib/arm-linux-androideabi/../../lib] ==> dir [/Users/pranavsu/Library/Android/sdk/ndk/22.0.7026061/toolchains/llvm/prebuilt/darwin-x86_64/sysroot/usr/lib/arm-linux-androideabi/../../lib]
    arg [-L/Users/pranavsu/Library/Android/sdk/ndk/22.0.7026061/toolchains/llvm/prebuilt/darwin-x86_64/lib/gcc/arm-linux-androideabi/4.9.x/../../../../arm-linux-androideabi/lib/armv7-a/thumb] ==> dir [/Users/pranavsu/Library/Android/sdk/ndk/22.0.7026061/toolchains/llvm/prebuilt/darwin-x86_64/lib/gcc/arm-linux-androideabi/4.9.x/../../../../arm-linux-androideabi/lib/armv7-a/thumb]
    arg [-L/Users/pranavsu/Library/Android/sdk/ndk/22.0.7026061/toolchains/llvm/prebuilt/darwin-x86_64/sysroot/usr/lib] ==> dir [/Users/pranavsu/Library/Android/sdk/ndk/22.0.7026061/toolchains/llvm/prebuilt/darwin-x86_64/sysroot/usr/lib]
    arg [--exclude-libs] ==> ignore
    arg [libgcc.a] ==> ignore
    arg [--exclude-libs] ==> ignore
    arg [libgcc_real.a] ==> ignore
    arg [--exclude-libs] ==> ignore
    arg [libatomic.a] ==> ignore
    arg [--build-id=sha1] ==> ignore
    arg [--no-rosegment] ==> ignore
    arg [--fatal-warnings] ==> ignore
    arg [--exclude-libs] ==> ignore
    arg [libunwind.a] ==> ignore
    arg [--no-undefined] ==> ignore
    arg [--gc-sections] ==> ignore
    arg [CMakeFiles/cmTC_bd8fb.dir/CMakeCCompilerABI.c.o] ==> ignore
    arg [-lgcc] ==> lib [gcc]
    arg [-ldl] ==> lib [dl]
    arg [-lc] ==> lib [c]
    arg [-lgcc] ==> lib [gcc]
    arg [-ldl] ==> lib [dl]
    arg [/Users/pranavsu/Library/Android/sdk/ndk/22.0.7026061/toolchains/llvm/prebuilt/darwin-x86_64/sysroot/usr/lib/arm-linux-androideabi/22/crtend_android.o] ==> ignore
  collapse library dir [/Users/pranavsu/Library/Android/sdk/ndk/22.0.7026061/toolchains/llvm/prebuilt/darwin-x86_64/lib64/clang/11.0.5/lib/linux/arm] ==> [/Users/pranavsu/Library/Android/sdk/ndk/22.0.7026061/toolchains/llvm/prebuilt/darwin-x86_64/lib64/clang/11.0.5/lib/linux/arm]
  collapse library dir [/Users/pranavsu/Library/Android/sdk/ndk/22.0.7026061/toolchains/llvm/prebuilt/darwin-x86_64/lib/gcc/arm-linux-androideabi/4.9.x/armv7-a/thumb] ==> [/Users/pranavsu/Library/Android/sdk/ndk/22.0.7026061/toolchains/llvm/prebuilt/darwin-x86_64/lib/gcc/arm-linux-androideabi/4.9.x/armv7-a/thumb]
  collapse library dir [/Users/pranavsu/Library/Android/sdk/ndk/22.0.7026061/toolchains/llvm/prebuilt/darwin-x86_64/lib/gcc/arm-linux-androideabi/4.9.x/../../../../arm-linux-androideabi/lib/../lib/armv7-a/thumb] ==> [/Users/pranavsu/Library/Android/sdk/ndk/22.0.7026061/toolchains/llvm/prebuilt/darwin-x86_64/arm-linux-androideabi/lib/armv7-a/thumb]
  collapse library dir [/Users/pranavsu/Library/Android/sdk/ndk/22.0.7026061/toolchains/llvm/prebuilt/darwin-x86_64/sysroot/usr/lib/arm-linux-androideabi/22] ==> [/Users/pranavsu/Library/Android/sdk/ndk/22.0.7026061/toolchains/llvm/prebuilt/darwin-x86_64/sysroot/usr/lib/arm-linux-androideabi/22]
  collapse library dir [/Users/pranavsu/Library/Android/sdk/ndk/22.0.7026061/toolchains/llvm/prebuilt/darwin-x86_64/sysroot/usr/lib/arm-linux-androideabi] ==> [/Users/pranavsu/Library/Android/sdk/ndk/22.0.7026061/toolchains/llvm/prebuilt/darwin-x86_64/sysroot/usr/lib/arm-linux-androideabi]
  collapse library dir [/Users/pranavsu/Library/Android/sdk/ndk/22.0.7026061/toolchains/llvm/prebuilt/darwin-x86_64/sysroot/usr/lib/../lib] ==> [/Users/pranavsu/Library/Android/sdk/ndk/22.0.7026061/toolchains/llvm/prebuilt/darwin-x86_64/sysroot/usr/lib]
  collapse library dir [/Users/pranavsu/Library/Android/sdk/ndk/22.0.7026061/toolchains/llvm/prebuilt/darwin-x86_64/sysroot/usr/lib/arm-linux-androideabi/../../lib] ==> [/Users/pranavsu/Library/Android/sdk/ndk/22.0.7026061/toolchains/llvm/prebuilt/darwin-x86_64/sysroot/usr/lib]
  collapse library dir [/Users/pranavsu/Library/Android/sdk/ndk/22.0.7026061/toolchains/llvm/prebuilt/darwin-x86_64/lib/gcc/arm-linux-androideabi/4.9.x/../../../../arm-linux-androideabi/lib/armv7-a/thumb] ==> [/Users/pranavsu/Library/Android/sdk/ndk/22.0.7026061/toolchains/llvm/prebuilt/darwin-x86_64/arm-linux-androideabi/lib/armv7-a/thumb]
  collapse library dir [/Users/pranavsu/Library/Android/sdk/ndk/22.0.7026061/toolchains/llvm/prebuilt/darwin-x86_64/sysroot/usr/lib] ==> [/Users/pranavsu/Library/Android/sdk/ndk/22.0.7026061/toolchains/llvm/prebuilt/darwin-x86_64/sysroot/usr/lib]
  implicit libs: [gcc;dl;c;gcc;dl]
  implicit dirs: [/Users/pranavsu/Library/Android/sdk/ndk/22.0.7026061/toolchains/llvm/prebuilt/darwin-x86_64/lib64/clang/11.0.5/lib/linux/arm;/Users/pranavsu/Library/Android/sdk/ndk/22.0.7026061/toolchains/llvm/prebuilt/darwin-x86_64/lib/gcc/arm-linux-androideabi/4.9.x/armv7-a/thumb;/Users/pranavsu/Library/Android/sdk/ndk/22.0.7026061/toolchains/llvm/prebuilt/darwin-x86_64/arm-linux-androideabi/lib/armv7-a/thumb;/Users/pranavsu/Library/Android/sdk/ndk/22.0.7026061/toolchains/llvm/prebuilt/darwin-x86_64/sysroot/usr/lib/arm-linux-androideabi/22;/Users/pranavsu/Library/Android/sdk/ndk/22.0.7026061/toolchains/llvm/prebuilt/darwin-x86_64/sysroot/usr/lib/arm-linux-androideabi;/Users/pranavsu/Library/Android/sdk/ndk/22.0.7026061/toolchains/llvm/prebuilt/darwin-x86_64/sysroot/usr/lib]
  implicit fwks: []




Detecting C [-std=c11] compiler features compiled with the following output:
Change Dir: /Users/pranavsu/Documents/fixed_open_source/apl-viewhost-android/discovery/.cxx/cmake/release/armeabi-v7a/CMakeFiles/CMakeTmp

Run Build Command:"/Users/pranavsu/Library/Android/sdk/cmake/3.10.2.4988404/bin/ninja" "cmTC_5a16c"
[1/2] Building C object CMakeFiles/cmTC_5a16c.dir/feature_tests.c.o
[2/2] Linking C executable cmTC_5a16c


    Feature record: C_FEATURE:1c_function_prototypes
    Feature record: C_FEATURE:1c_restrict
    Feature record: C_FEATURE:1c_static_assert
    Feature record: C_FEATURE:1c_variadic_macros


Detecting C [-std=c99] compiler features compiled with the following output:
Change Dir: /Users/pranavsu/Documents/fixed_open_source/apl-viewhost-android/discovery/.cxx/cmake/release/armeabi-v7a/CMakeFiles/CMakeTmp

Run Build Command:"/Users/pranavsu/Library/Android/sdk/cmake/3.10.2.4988404/bin/ninja" "cmTC_27c17"
[1/2] Building C object CMakeFiles/cmTC_27c17.dir/feature_tests.c.o
[2/2] Linking C executable cmTC_27c17


    Feature record: C_FEATURE:1c_function_prototypes
    Feature record: C_FEATURE:1c_restrict
    Feature record: C_FEATURE:0c_static_assert
    Feature record: C_FEATURE:1c_variadic_macros


Detecting C [-std=c90] compiler features compiled with the following output:
Change Dir: /Users/pranavsu/Documents/fixed_open_source/apl-viewhost-android/discovery/.cxx/cmake/release/armeabi-v7a/CMakeFiles/CMakeTmp

Run Build Command:"/Users/pranavsu/Library/Android/sdk/cmake/3.10.2.4988404/bin/ninja" "cmTC_e7600"
[1/2] Building C object CMakeFiles/cmTC_e7600.dir/feature_tests.c.o
[2/2] Linking C executable cmTC_e7600


    Feature record: C_FEATURE:1c_function_prototypes
    Feature record: C_FEATURE:0c_restrict
    Feature record: C_FEATURE:0c_static_assert
    Feature record: C_FEATURE:0c_variadic_macros
Determining if the CXX compiler works passed with the following output:
Change Dir: /Users/pranavsu/Documents/fixed_open_source/apl-viewhost-android/discovery/.cxx/cmake/release/armeabi-v7a/CMakeFiles/CMakeTmp

Run Build Command:"/Users/pranavsu/Library/Android/sdk/cmake/3.10.2.4988404/bin/ninja" "cmTC_9bd27"
[1/2] Building CXX object CMakeFiles/cmTC_9bd27.dir/testCXXCompiler.cxx.o
[2/2] Linking CXX executable cmTC_9bd27


Detecting CXX compiler ABI info compiled with the following output:
Change Dir: /Users/pranavsu/Documents/fixed_open_source/apl-viewhost-android/discovery/.cxx/cmake/release/armeabi-v7a/CMakeFiles/CMakeTmp

Run Build Command:"/Users/pranavsu/Library/Android/sdk/cmake/3.10.2.4988404/bin/ninja" "cmTC_987d7"
[1/2] Building CXX object CMakeFiles/cmTC_987d7.dir/CMakeCXXCompilerABI.cpp.o
[2/2] Linking CXX executable cmTC_987d7
Android (6875598, based on r399163b) clang version 11.0.5 (https://android.googlesource.com/toolchain/llvm-project 87f1315dfbea7c137aa2e6d362dbb457e388158d)
Target: armv7-none-linux-android22
Thread model: posix
InstalledDir: /Users/pranavsu/Library/Android/sdk/ndk/22.0.7026061/toolchains/llvm/prebuilt/darwin-x86_64/bin
Found candidate GCC installation: /Users/pranavsu/Library/Android/sdk/ndk/22.0.7026061/toolchains/llvm/prebuilt/darwin-x86_64/lib/gcc/arm-linux-androideabi/4.9.x
Selected GCC installation: /Users/pranavsu/Library/Android/sdk/ndk/22.0.7026061/toolchains/llvm/prebuilt/darwin-x86_64/lib/gcc/arm-linux-androideabi/4.9.x
Candidate multilib: thumb;@mthumb
Candidate multilib: armv7-a;@march=armv7-a
Candidate multilib: armv7-a/thumb;@march=armv7-a@mthumb
Candidate multilib: .;
Selected multilib: armv7-a/thumb;@march=armv7-a@mthumb
 "/Users/pranavsu/Library/Android/sdk/ndk/22.0.7026061/toolchains/llvm/prebuilt/darwin-x86_64/bin/ld" --sysroot=/Users/pranavsu/Library/Android/sdk/ndk/22.0.7026061/toolchains/llvm/prebuilt/darwin-x86_64/sysroot -pie -z noexecstack -EL --warn-shared-textrel -z now -z relro -z max-page-size=4096 -X --hash-style=both --enable-new-dtags --eh-frame-hdr -m armelf_linux_eabi -dynamic-linker /system/bin/linker -o cmTC_987d7 /Users/pranavsu/Library/Android/sdk/ndk/22.0.7026061/toolchains/llvm/prebuilt/darwin-x86_64/sysroot/usr/lib/arm-linux-androideabi/22/crtbegin_dynamic.o -L/Users/pranavsu/Library/Android/sdk/ndk/22.0.7026061/toolchains/llvm/prebuilt/darwin-x86_64/lib64/clang/11.0.5/lib/linux/arm -L/Users/pranavsu/Library/Android/sdk/ndk/22.0.7026061/toolchains/llvm/prebuilt/darwin-x86_64/lib/gcc/arm-linux-androideabi/4.9.x/armv7-a/thumb -L/Users/pranavsu/Library/Android/sdk/ndk/22.0.7026061/toolchains/llvm/prebuilt/darwin-x86_64/lib/gcc/arm-linux-androideabi/4.9.x/../../../../arm-linux-androideabi/lib/../lib/armv7-a/thumb -L/Users/pranavsu/Library/Android/sdk/ndk/22.0.7026061/toolchains/llvm/prebuilt/darwin-x86_64/sysroot/usr/lib/arm-linux-androideabi/22 -L/Users/pranavsu/Library/Android/sdk/ndk/22.0.7026061/toolchains/llvm/prebuilt/darwin-x86_64/sysroot/usr/lib/arm-linux-androideabi -L/Users/pranavsu/Library/Android/sdk/ndk/22.0.7026061/toolchains/llvm/prebuilt/darwin-x86_64/sysroot/usr/lib/../lib -L/Users/pranavsu/Library/Android/sdk/ndk/22.0.7026061/toolchains/llvm/prebuilt/darwin-x86_64/sysroot/usr/lib/arm-linux-androideabi/../../lib -L/Users/pranavsu/Library/Android/sdk/ndk/22.0.7026061/toolchains/llvm/prebuilt/darwin-x86_64/lib/gcc/arm-linux-androideabi/4.9.x/../../../../arm-linux-androideabi/lib/armv7-a/thumb -L/Users/pranavsu/Library/Android/sdk/ndk/22.0.7026061/toolchains/llvm/prebuilt/darwin-x86_64/sysroot/usr/lib --exclude-libs libgcc.a --exclude-libs libgcc_real.a --exclude-libs libatomic.a --build-id=sha1 --no-rosegment --fatal-warnings --exclude-libs libunwind.a --no-undefined --gc-sections CMakeFiles/cmTC_987d7.dir/CMakeCXXCompilerABI.cpp.o -Bstatic -lc++ -Bdynamic -lm -lgcc -ldl -lc -lgcc -ldl /Users/pranavsu/Library/Android/sdk/ndk/22.0.7026061/toolchains/llvm/prebuilt/darwin-x86_64/sysroot/usr/lib/arm-linux-androideabi/22/crtend_android.o


Parsed CXX implicit link information from above output:
  link line regex: [^( *|.*[/\])(CMAKE_LINKER-NOTFOUND|CMAKE_LINK_STARTFILE-NOTFOUND|([^/\]+-)?ld|collect2)[^/\]*( |$)]
  ignore line: [Change Dir: /Users/pranavsu/Documents/fixed_open_source/apl-viewhost-android/discovery/.cxx/cmake/release/armeabi-v7a/CMakeFiles/CMakeTmp]
  ignore line: []
  ignore line: [Run Build Command:"/Users/pranavsu/Library/Android/sdk/cmake/3.10.2.4988404/bin/ninja" "cmTC_987d7"]
  ignore line: [[1/2] Building CXX object CMakeFiles/cmTC_987d7.dir/CMakeCXXCompilerABI.cpp.o]
  ignore line: [[2/2] Linking CXX executable cmTC_987d7]
  ignore line: [Android (6875598, based on r399163b) clang version 11.0.5 (https://android.googlesource.com/toolchain/llvm-project 87f1315dfbea7c137aa2e6d362dbb457e388158d)]
  ignore line: [Target: armv7-none-linux-android22]
  ignore line: [Thread model: posix]
  ignore line: [InstalledDir: /Users/pranavsu/Library/Android/sdk/ndk/22.0.7026061/toolchains/llvm/prebuilt/darwin-x86_64/bin]
  ignore line: [Found candidate GCC installation: /Users/pranavsu/Library/Android/sdk/ndk/22.0.7026061/toolchains/llvm/prebuilt/darwin-x86_64/lib/gcc/arm-linux-androideabi/4.9.x]
  ignore line: [Selected GCC installation: /Users/pranavsu/Library/Android/sdk/ndk/22.0.7026061/toolchains/llvm/prebuilt/darwin-x86_64/lib/gcc/arm-linux-androideabi/4.9.x]
  ignore line: [Candidate multilib: thumb]
  ignore line: [@mthumb]
  ignore line: [Candidate multilib: armv7-a]
  ignore line: [@march=armv7-a]
  ignore line: [Candidate multilib: armv7-a/thumb]
  ignore line: [@march=armv7-a@mthumb]
  ignore line: [Candidate multilib: .]
  ignore line: []
  ignore line: [Selected multilib: armv7-a/thumb]
  ignore line: [@march=armv7-a@mthumb]
  link line: [ "/Users/pranavsu/Library/Android/sdk/ndk/22.0.7026061/toolchains/llvm/prebuilt/darwin-x86_64/bin/ld" --sysroot=/Users/pranavsu/Library/Android/sdk/ndk/22.0.7026061/toolchains/llvm/prebuilt/darwin-x86_64/sysroot -pie -z noexecstack -EL --warn-shared-textrel -z now -z relro -z max-page-size=4096 -X --hash-style=both --enable-new-dtags --eh-frame-hdr -m armelf_linux_eabi -dynamic-linker /system/bin/linker -o cmTC_987d7 /Users/pranavsu/Library/Android/sdk/ndk/22.0.7026061/toolchains/llvm/prebuilt/darwin-x86_64/sysroot/usr/lib/arm-linux-androideabi/22/crtbegin_dynamic.o -L/Users/pranavsu/Library/Android/sdk/ndk/22.0.7026061/toolchains/llvm/prebuilt/darwin-x86_64/lib64/clang/11.0.5/lib/linux/arm -L/Users/pranavsu/Library/Android/sdk/ndk/22.0.7026061/toolchains/llvm/prebuilt/darwin-x86_64/lib/gcc/arm-linux-androideabi/4.9.x/armv7-a/thumb -L/Users/pranavsu/Library/Android/sdk/ndk/22.0.7026061/toolchains/llvm/prebuilt/darwin-x86_64/lib/gcc/arm-linux-androideabi/4.9.x/../../../../arm-linux-androideabi/lib/../lib/armv7-a/thumb -L/Users/pranavsu/Library/Android/sdk/ndk/22.0.7026061/toolchains/llvm/prebuilt/darwin-x86_64/sysroot/usr/lib/arm-linux-androideabi/22 -L/Users/pranavsu/Library/Android/sdk/ndk/22.0.7026061/toolchains/llvm/prebuilt/darwin-x86_64/sysroot/usr/lib/arm-linux-androideabi -L/Users/pranavsu/Library/Android/sdk/ndk/22.0.7026061/toolchains/llvm/prebuilt/darwin-x86_64/sysroot/usr/lib/../lib -L/Users/pranavsu/Library/Android/sdk/ndk/22.0.7026061/toolchains/llvm/prebuilt/darwin-x86_64/sysroot/usr/lib/arm-linux-androideabi/../../lib -L/Users/pranavsu/Library/Android/sdk/ndk/22.0.7026061/toolchains/llvm/prebuilt/darwin-x86_64/lib/gcc/arm-linux-androideabi/4.9.x/../../../../arm-linux-androideabi/lib/armv7-a/thumb -L/Users/pranavsu/Library/Android/sdk/ndk/22.0.7026061/toolchains/llvm/prebuilt/darwin-x86_64/sysroot/usr/lib --exclude-libs libgcc.a --exclude-libs libgcc_real.a --exclude-libs libatomic.a --build-id=sha1 --no-rosegment --fatal-warnings --exclude-libs libunwind.a --no-undefined --gc-sections CMakeFiles/cmTC_987d7.dir/CMakeCXXCompilerABI.cpp.o -Bstatic -lc++ -Bdynamic -lm -lgcc -ldl -lc -lgcc -ldl /Users/pranavsu/Library/Android/sdk/ndk/22.0.7026061/toolchains/llvm/prebuilt/darwin-x86_64/sysroot/usr/lib/arm-linux-androideabi/22/crtend_android.o]
    arg [/Users/pranavsu/Library/Android/sdk/ndk/22.0.7026061/toolchains/llvm/prebuilt/darwin-x86_64/bin/ld] ==> ignore
    arg [--sysroot=/Users/pranavsu/Library/Android/sdk/ndk/22.0.7026061/toolchains/llvm/prebuilt/darwin-x86_64/sysroot] ==> ignore
    arg [-pie] ==> ignore
    arg [-znoexecstack] ==> ignore
    arg [-EL] ==> ignore
    arg [--warn-shared-textrel] ==> ignore
    arg [-znow] ==> ignore
    arg [-zrelro] ==> ignore
    arg [-zmax-page-size=4096] ==> ignore
    arg [-X] ==> ignore
    arg [--hash-style=both] ==> ignore
    arg [--enable-new-dtags] ==> ignore
    arg [--eh-frame-hdr] ==> ignore
    arg [-m] ==> ignore
    arg [armelf_linux_eabi] ==> ignore
    arg [-dynamic-linker] ==> ignore
    arg [/system/bin/linker] ==> ignore
    arg [-o] ==> ignore
    arg [cmTC_987d7] ==> ignore
    arg [/Users/pranavsu/Library/Android/sdk/ndk/22.0.7026061/toolchains/llvm/prebuilt/darwin-x86_64/sysroot/usr/lib/arm-linux-androideabi/22/crtbegin_dynamic.o] ==> ignore
    arg [-L/Users/pranavsu/Library/Android/sdk/ndk/22.0.7026061/toolchains/llvm/prebuilt/darwin-x86_64/lib64/clang/11.0.5/lib/linux/arm] ==> dir [/Users/pranavsu/Library/Android/sdk/ndk/22.0.7026061/toolchains/llvm/prebuilt/darwin-x86_64/lib64/clang/11.0.5/lib/linux/arm]
    arg [-L/Users/pranavsu/Library/Android/sdk/ndk/22.0.7026061/toolchains/llvm/prebuilt/darwin-x86_64/lib/gcc/arm-linux-androideabi/4.9.x/armv7-a/thumb] ==> dir [/Users/pranavsu/Library/Android/sdk/ndk/22.0.7026061/toolchains/llvm/prebuilt/darwin-x86_64/lib/gcc/arm-linux-androideabi/4.9.x/armv7-a/thumb]
    arg [-L/Users/pranavsu/Library/Android/sdk/ndk/22.0.7026061/toolchains/llvm/prebuilt/darwin-x86_64/lib/gcc/arm-linux-androideabi/4.9.x/../../../../arm-linux-androideabi/lib/../lib/armv7-a/thumb] ==> dir [/Users/pranavsu/Library/Android/sdk/ndk/22.0.7026061/toolchains/llvm/prebuilt/darwin-x86_64/lib/gcc/arm-linux-androideabi/4.9.x/../../../../arm-linux-androideabi/lib/../lib/armv7-a/thumb]
    arg [-L/Users/pranavsu/Library/Android/sdk/ndk/22.0.7026061/toolchains/llvm/prebuilt/darwin-x86_64/sysroot/usr/lib/arm-linux-androideabi/22] ==> dir [/Users/pranavsu/Library/Android/sdk/ndk/22.0.7026061/toolchains/llvm/prebuilt/darwin-x86_64/sysroot/usr/lib/arm-linux-androideabi/22]
    arg [-L/Users/pranavsu/Library/Android/sdk/ndk/22.0.7026061/toolchains/llvm/prebuilt/darwin-x86_64/sysroot/usr/lib/arm-linux-androideabi] ==> dir [/Users/pranavsu/Library/Android/sdk/ndk/22.0.7026061/toolchains/llvm/prebuilt/darwin-x86_64/sysroot/usr/lib/arm-linux-androideabi]
    arg [-L/Users/pranavsu/Library/Android/sdk/ndk/22.0.7026061/toolchains/llvm/prebuilt/darwin-x86_64/sysroot/usr/lib/../lib] ==> dir [/Users/pranavsu/Library/Android/sdk/ndk/22.0.7026061/toolchains/llvm/prebuilt/darwin-x86_64/sysroot/usr/lib/../lib]
    arg [-L/Users/pranavsu/Library/Android/sdk/ndk/22.0.7026061/toolchains/llvm/prebuilt/darwin-x86_64/sysroot/usr/lib/arm-linux-androideabi/../../lib] ==> dir [/Users/pranavsu/Library/Android/sdk/ndk/22.0.7026061/toolchains/llvm/prebuilt/darwin-x86_64/sysroot/usr/lib/arm-linux-androideabi/../../lib]
    arg [-L/Users/pranavsu/Library/Android/sdk/ndk/22.0.7026061/toolchains/llvm/prebuilt/darwin-x86_64/lib/gcc/arm-linux-androideabi/4.9.x/../../../../arm-linux-androideabi/lib/armv7-a/thumb] ==> dir [/Users/pranavsu/Library/Android/sdk/ndk/22.0.7026061/toolchains/llvm/prebuilt/darwin-x86_64/lib/gcc/arm-linux-androideabi/4.9.x/../../../../arm-linux-androideabi/lib/armv7-a/thumb]
    arg [-L/Users/pranavsu/Library/Android/sdk/ndk/22.0.7026061/toolchains/llvm/prebuilt/darwin-x86_64/sysroot/usr/lib] ==> dir [/Users/pranavsu/Library/Android/sdk/ndk/22.0.7026061/toolchains/llvm/prebuilt/darwin-x86_64/sysroot/usr/lib]
    arg [--exclude-libs] ==> ignore
    arg [libgcc.a] ==> ignore
    arg [--exclude-libs] ==> ignore
    arg [libgcc_real.a] ==> ignore
    arg [--exclude-libs] ==> ignore
    arg [libatomic.a] ==> ignore
    arg [--build-id=sha1] ==> ignore
    arg [--no-rosegment] ==> ignore
    arg [--fatal-warnings] ==> ignore
    arg [--exclude-libs] ==> ignore
    arg [libunwind.a] ==> ignore
    arg [--no-undefined] ==> ignore
    arg [--gc-sections] ==> ignore
    arg [CMakeFiles/cmTC_987d7.dir/CMakeCXXCompilerABI.cpp.o] ==> ignore
    arg [-Bstatic] ==> ignore
    arg [-lc++] ==> lib [c++]
    arg [-Bdynamic] ==> ignore
    arg [-lm] ==> lib [m]
    arg [-lgcc] ==> lib [gcc]
    arg [-ldl] ==> lib [dl]
    arg [-lc] ==> lib [c]
    arg [-lgcc] ==> lib [gcc]
    arg [-ldl] ==> lib [dl]
    arg [/Users/pranavsu/Library/Android/sdk/ndk/22.0.7026061/toolchains/llvm/prebuilt/darwin-x86_64/sysroot/usr/lib/arm-linux-androideabi/22/crtend_android.o] ==> ignore
  collapse library dir [/Users/pranavsu/Library/Android/sdk/ndk/22.0.7026061/toolchains/llvm/prebuilt/darwin-x86_64/lib64/clang/11.0.5/lib/linux/arm] ==> [/Users/pranavsu/Library/Android/sdk/ndk/22.0.7026061/toolchains/llvm/prebuilt/darwin-x86_64/lib64/clang/11.0.5/lib/linux/arm]
  collapse library dir [/Users/pranavsu/Library/Android/sdk/ndk/22.0.7026061/toolchains/llvm/prebuilt/darwin-x86_64/lib/gcc/arm-linux-androideabi/4.9.x/armv7-a/thumb] ==> [/Users/pranavsu/Library/Android/sdk/ndk/22.0.7026061/toolchains/llvm/prebuilt/darwin-x86_64/lib/gcc/arm-linux-androideabi/4.9.x/armv7-a/thumb]
  collapse library dir [/Users/pranavsu/Library/Android/sdk/ndk/22.0.7026061/toolchains/llvm/prebuilt/darwin-x86_64/lib/gcc/arm-linux-androideabi/4.9.x/../../../../arm-linux-androideabi/lib/../lib/armv7-a/thumb] ==> [/Users/pranavsu/Library/Android/sdk/ndk/22.0.7026061/toolchains/llvm/prebuilt/darwin-x86_64/arm-linux-androideabi/lib/armv7-a/thumb]
  collapse library dir [/Users/pranavsu/Library/Android/sdk/ndk/22.0.7026061/toolchains/llvm/prebuilt/darwin-x86_64/sysroot/usr/lib/arm-linux-androideabi/22] ==> [/Users/pranavsu/Library/Android/sdk/ndk/22.0.7026061/toolchains/llvm/prebuilt/darwin-x86_64/sysroot/usr/lib/arm-linux-androideabi/22]
  collapse library dir [/Users/pranavsu/Library/Android/sdk/ndk/22.0.7026061/toolchains/llvm/prebuilt/darwin-x86_64/sysroot/usr/lib/arm-linux-androideabi] ==> [/Users/pranavsu/Library/Android/sdk/ndk/22.0.7026061/toolchains/llvm/prebuilt/darwin-x86_64/sysroot/usr/lib/arm-linux-androideabi]
  collapse library dir [/Users/pranavsu/Library/Android/sdk/ndk/22.0.7026061/toolchains/llvm/prebuilt/darwin-x86_64/sysroot/usr/lib/../lib] ==> [/Users/pranavsu/Library/Android/sdk/ndk/22.0.7026061/toolchains/llvm/prebuilt/darwin-x86_64/sysroot/usr/lib]
  collapse library dir [/Users/pranavsu/Library/Android/sdk/ndk/22.0.7026061/toolchains/llvm/prebuilt/darwin-x86_64/sysroot/usr/lib/arm-linux-androideabi/../../lib] ==> [/Users/pranavsu/Library/Android/sdk/ndk/22.0.7026061/toolchains/llvm/prebuilt/darwin-x86_64/sysroot/usr/lib]
  collapse library dir [/Users/pranavsu/Library/Android/sdk/ndk/22.0.7026061/toolchains/llvm/prebuilt/darwin-x86_64/lib/gcc/arm-linux-androideabi/4.9.x/../../../../arm-linux-androideabi/lib/armv7-a/thumb] ==> [/Users/pranavsu/Library/Android/sdk/ndk/22.0.7026061/toolchains/llvm/prebuilt/darwin-x86_64/arm-linux-androideabi/lib/armv7-a/thumb]
  collapse library dir [/Users/pranavsu/Library/Android/sdk/ndk/22.0.7026061/toolchains/llvm/prebuilt/darwin-x86_64/sysroot/usr/lib] ==> [/Users/pranavsu/Library/Android/sdk/ndk/22.0.7026061/toolchains/llvm/prebuilt/darwin-x86_64/sysroot/usr/lib]
  implicit libs: [c++;m;gcc;dl;c;gcc;dl]
  implicit dirs: [/Users/pranavsu/Library/Android/sdk/ndk/22.0.7026061/toolchains/llvm/prebuilt/darwin-x86_64/lib64/clang/11.0.5/lib/linux/arm;/Users/pranavsu/Library/Android/sdk/ndk/22.0.7026061/toolchains/llvm/prebuilt/darwin-x86_64/lib/gcc/arm-linux-androideabi/4.9.x/armv7-a/thumb;/Users/pranavsu/Library/Android/sdk/ndk/22.0.7026061/toolchains/llvm/prebuilt/darwin-x86_64/arm-linux-androideabi/lib/armv7-a/thumb;/Users/pranavsu/Library/Android/sdk/ndk/22.0.7026061/toolchains/llvm/prebuilt/darwin-x86_64/sysroot/usr/lib/arm-linux-androideabi/22;/Users/pranavsu/Library/Android/sdk/ndk/22.0.7026061/toolchains/llvm/prebuilt/darwin-x86_64/sysroot/usr/lib/arm-linux-androideabi;/Users/pranavsu/Library/Android/sdk/ndk/22.0.7026061/toolchains/llvm/prebuilt/darwin-x86_64/sysroot/usr/lib]
  implicit fwks: []




Detecting CXX [-std=c++1z] compiler features compiled with the following output:
Change Dir: /Users/pranavsu/Documents/fixed_open_source/apl-viewhost-android/discovery/.cxx/cmake/release/armeabi-v7a/CMakeFiles/CMakeTmp

Run Build Command:"/Users/pranavsu/Library/Android/sdk/cmake/3.10.2.4988404/bin/ninja" "cmTC_b7c57"
[1/2] Building CXX object CMakeFiles/cmTC_b7c57.dir/feature_tests.cxx.o
[2/2] Linking CXX executable cmTC_b7c57


    Feature record: CXX_FEATURE:0cxx_aggregate_default_initializers
    Feature record: CXX_FEATURE:1cxx_alias_templates
    Feature record: CXX_FEATURE:1cxx_alignas
    Feature record: CXX_FEATURE:1cxx_alignof
    Feature record: CXX_FEATURE:1cxx_attributes
    Feature record: CXX_FEATURE:0cxx_attribute_deprecated
    Feature record: CXX_FEATURE:1cxx_auto_type
    Feature record: CXX_FEATURE:0cxx_binary_literals
    Feature record: CXX_FEATURE:1cxx_constexpr
    Feature record: CXX_FEATURE:0cxx_contextual_conversions
    Feature record: CXX_FEATURE:1cxx_decltype
    Feature record: CXX_FEATURE:0cxx_decltype_auto
    Feature record: CXX_FEATURE:1cxx_decltype_incomplete_return_types
    Feature record: CXX_FEATURE:1cxx_default_function_template_args
    Feature record: CXX_FEATURE:1cxx_defaulted_functions
    Feature record: CXX_FEATURE:1cxx_defaulted_move_initializers
    Feature record: CXX_FEATURE:1cxx_delegating_constructors
    Feature record: CXX_FEATURE:1cxx_deleted_functions
    Feature record: CXX_FEATURE:0cxx_digit_separators
    Feature record: CXX_FEATURE:1cxx_enum_forward_declarations
    Feature record: CXX_FEATURE:1cxx_explicit_conversions
    Feature record: CXX_FEATURE:1cxx_extended_friend_declarations
    Feature record: CXX_FEATURE:1cxx_extern_templates
    Feature record: CXX_FEATURE:1cxx_final
    Feature record: CXX_FEATURE:1cxx_func_identifier
    Feature record: CXX_FEATURE:1cxx_generalized_initializers
    Feature record: CXX_FEATURE:0cxx_generic_lambdas
    Feature record: CXX_FEATURE:1cxx_inheriting_constructors
    Feature record: CXX_FEATURE:1cxx_inline_namespaces
    Feature record: CXX_FEATURE:1cxx_lambdas
    Feature record: CXX_FEATURE:0cxx_lambda_init_captures
    Feature record: CXX_FEATURE:1cxx_local_type_template_args
    Feature record: CXX_FEATURE:1cxx_long_long_type
    Feature record: CXX_FEATURE:1cxx_noexcept
    Feature record: CXX_FEATURE:1cxx_nonstatic_member_init
    Feature record: CXX_FEATURE:1cxx_nullptr
    Feature record: CXX_FEATURE:1cxx_override
    Feature record: CXX_FEATURE:1cxx_range_for
    Feature record: CXX_FEATURE:1cxx_raw_string_literals
    Feature record: CXX_FEATURE:1cxx_reference_qualified_functions
    Feature record: CXX_FEATURE:0cxx_relaxed_constexpr
    Feature record: CXX_FEATURE:0cxx_return_type_deduction
    Feature record: CXX_FEATURE:1cxx_right_angle_brackets
    Feature record: CXX_FEATURE:1cxx_rvalue_references
    Feature record: CXX_FEATURE:1cxx_sizeof_member
    Feature record: CXX_FEATURE:1cxx_static_assert
    Feature record: CXX_FEATURE:1cxx_strong_enums
    Feature record: CXX_FEATURE:1cxx_template_template_parameters
    Feature record: CXX_FEATURE:1cxx_thread_local
    Feature record: CXX_FEATURE:1cxx_trailing_return_types
    Feature record: CXX_FEATURE:1cxx_unicode_literals
    Feature record: CXX_FEATURE:1cxx_uniform_initialization
    Feature record: CXX_FEATURE:1cxx_unrestricted_unions
    Feature record: CXX_FEATURE:1cxx_user_literals
    Feature record: CXX_FEATURE:0cxx_variable_templates
    Feature record: CXX_FEATURE:1cxx_variadic_macros
    Feature record: CXX_FEATURE:1cxx_variadic_templates


Detecting CXX [-std=c++14] compiler features compiled with the following output:
Change Dir: /Users/pranavsu/Documents/fixed_open_source/apl-viewhost-android/discovery/.cxx/cmake/release/armeabi-v7a/CMakeFiles/CMakeTmp

Run Build Command:"/Users/pranavsu/Library/Android/sdk/cmake/3.10.2.4988404/bin/ninja" "cmTC_7021b"
[1/2] Building CXX object CMakeFiles/cmTC_7021b.dir/feature_tests.cxx.o
[2/2] Linking CXX executable cmTC_7021b


    Feature record: CXX_FEATURE:0cxx_aggregate_default_initializers
    Feature record: CXX_FEATURE:1cxx_alias_templates
    Feature record: CXX_FEATURE:1cxx_alignas
    Feature record: CXX_FEATURE:1cxx_alignof
    Feature record: CXX_FEATURE:1cxx_attributes
    Feature record: CXX_FEATURE:0cxx_attribute_deprecated
    Feature record: CXX_FEATURE:1cxx_auto_type
    Feature record: CXX_FEATURE:0cxx_binary_literals
    Feature record: CXX_FEATURE:1cxx_constexpr
    Feature record: CXX_FEATURE:0cxx_contextual_conversions
    Feature record: CXX_FEATURE:1cxx_decltype
    Feature record: CXX_FEATURE:0cxx_decltype_auto
    Feature record: CXX_FEATURE:1cxx_decltype_incomplete_return_types
    Feature record: CXX_FEATURE:1cxx_default_function_template_args
    Feature record: CXX_FEATURE:1cxx_defaulted_functions
    Feature record: CXX_FEATURE:1cxx_defaulted_move_initializers
    Feature record: CXX_FEATURE:1cxx_delegating_constructors
    Feature record: CXX_FEATURE:1cxx_deleted_functions
    Feature record: CXX_FEATURE:0cxx_digit_separators
    Feature record: CXX_FEATURE:1cxx_enum_forward_declarations
    Feature record: CXX_FEATURE:1cxx_explicit_conversions
    Feature record: CXX_FEATURE:1cxx_extended_friend_declarations
    Feature record: CXX_FEATURE:1cxx_extern_templates
    Feature record: CXX_FEATURE:1cxx_final
    Feature record: CXX_FEATURE:1cxx_func_identifier
    Feature record: CXX_FEATURE:1cxx_generalized_initializers
    Feature record: CXX_FEATURE:0cxx_generic_lambdas
    Feature record: CXX_FEATURE:1cxx_inheriting_constructors
    Feature record: CXX_FEATURE:1cxx_inline_namespaces
    Feature record: CXX_FEATURE:1cxx_lambdas
    Feature record: CXX_FEATURE:0cxx_lambda_init_captures
    Feature record: CXX_FEATURE:1cxx_local_type_template_args
    Feature record: CXX_FEATURE:1cxx_long_long_type
    Feature record: CXX_FEATURE:1cxx_noexcept
    Feature record: CXX_FEATURE:1cxx_nonstatic_member_init
    Feature record: CXX_FEATURE:1cxx_nullptr
    Feature record: CXX_FEATURE:1cxx_override
    Feature record: CXX_FEATURE:1cxx_range_for
    Feature record: CXX_FEATURE:1cxx_raw_string_literals
    Feature record: CXX_FEATURE:1cxx_reference_qualified_functions
    Feature record: CXX_FEATURE:0cxx_relaxed_constexpr
    Feature record: CXX_FEATURE:0cxx_return_type_deduction
    Feature record: CXX_FEATURE:1cxx_right_angle_brackets
    Feature record: CXX_FEATURE:1cxx_rvalue_references
    Feature record: CXX_FEATURE:1cxx_sizeof_member
    Feature record: CXX_FEATURE:1cxx_static_assert
    Feature record: CXX_FEATURE:1cxx_strong_enums
    Feature record: CXX_FEATURE:1cxx_template_template_parameters
    Feature record: CXX_FEATURE:1cxx_thread_local
    Feature record: CXX_FEATURE:1cxx_trailing_return_types
    Feature record: CXX_FEATURE:1cxx_unicode_literals
    Feature record: CXX_FEATURE:1cxx_uniform_initialization
    Feature record: CXX_FEATURE:1cxx_unrestricted_unions
    Feature record: CXX_FEATURE:1cxx_user_literals
    Feature record: CXX_FEATURE:0cxx_variable_templates
    Feature record: CXX_FEATURE:1cxx_variadic_macros
    Feature record: CXX_FEATURE:1cxx_variadic_templates


Detecting CXX [-std=c++11] compiler features compiled with the following output:
Change Dir: /Users/pranavsu/Documents/fixed_open_source/apl-viewhost-android/discovery/.cxx/cmake/release/armeabi-v7a/CMakeFiles/CMakeTmp

Run Build Command:"/Users/pranavsu/Library/Android/sdk/cmake/3.10.2.4988404/bin/ninja" "cmTC_b9d2e"
[1/2] Building CXX object CMakeFiles/cmTC_b9d2e.dir/feature_tests.cxx.o
[2/2] Linking CXX executable cmTC_b9d2e


    Feature record: CXX_FEATURE:0cxx_aggregate_default_initializers
    Feature record: CXX_FEATURE:1cxx_alias_templates
    Feature record: CXX_FEATURE:1cxx_alignas
    Feature record: CXX_FEATURE:1cxx_alignof
    Feature record: CXX_FEATURE:1cxx_attributes
    Feature record: CXX_FEATURE:0cxx_attribute_deprecated
    Feature record: CXX_FEATURE:1cxx_auto_type
    Feature record: CXX_FEATURE:0cxx_binary_literals
    Feature record: CXX_FEATURE:1cxx_constexpr
    Feature record: CXX_FEATURE:0cxx_contextual_conversions
    Feature record: CXX_FEATURE:1cxx_decltype
    Feature record: CXX_FEATURE:0cxx_decltype_auto
    Feature record: CXX_FEATURE:1cxx_decltype_incomplete_return_types
    Feature record: CXX_FEATURE:1cxx_default_function_template_args
    Feature record: CXX_FEATURE:1cxx_defaulted_functions
    Feature record: CXX_FEATURE:1cxx_defaulted_move_initializers
    Feature record: CXX_FEATURE:1cxx_delegating_constructors
    Feature record: CXX_FEATURE:1cxx_deleted_functions
    Feature record: CXX_FEATURE:0cxx_digit_separators
    Feature record: CXX_FEATURE:1cxx_enum_forward_declarations
    Feature record: CXX_FEATURE:1cxx_explicit_conversions
    Feature record: CXX_FEATURE:1cxx_extended_friend_declarations
    Feature record: CXX_FEATURE:1cxx_extern_templates
    Feature record: CXX_FEATURE:1cxx_final
    Feature record: CXX_FEATURE:1cxx_func_identifier
    Feature record: CXX_FEATURE:1cxx_generalized_initializers
    Feature record: CXX_FEATURE:0cxx_generic_lambdas
    Feature record: CXX_FEATURE:1cxx_inheriting_constructors
    Feature record: CXX_FEATURE:1cxx_inline_namespaces
    Feature record: CXX_FEATURE:1cxx_lambdas
    Feature record: CXX_FEATURE:0cxx_lambda_init_captures
    Feature record: CXX_FEATURE:1cxx_local_type_template_args
    Feature record: CXX_FEATURE:1cxx_long_long_type
    Feature record: CXX_FEATURE:1cxx_noexcept
    Feature record: CXX_FEATURE:1cxx_nonstatic_member_init
    Feature record: CXX_FEATURE:1cxx_nullptr
    Feature record: CXX_FEATURE:1cxx_override
    Feature record: CXX_FEATURE:1cxx_range_for
    Feature record: CXX_FEATURE:1cxx_raw_string_literals
    Feature record: CXX_FEATURE:1cxx_reference_qualified_functions
    Feature record: CXX_FEATURE:0cxx_relaxed_constexpr
    Feature record: CXX_FEATURE:0cxx_return_type_deduction
    Feature record: CXX_FEATURE:1cxx_right_angle_brackets
    Feature record: CXX_FEATURE:1cxx_rvalue_references
    Feature record: CXX_FEATURE:1cxx_sizeof_member
    Feature record: CXX_FEATURE:1cxx_static_assert
    Feature record: CXX_FEATURE:1cxx_strong_enums
    Feature record: CXX_FEATURE:1cxx_template_template_parameters
    Feature record: CXX_FEATURE:1cxx_thread_local
    Feature record: CXX_FEATURE:1cxx_trailing_return_types
    Feature record: CXX_FEATURE:1cxx_unicode_literals
    Feature record: CXX_FEATURE:1cxx_uniform_initialization
    Feature record: CXX_FEATURE:1cxx_unrestricted_unions
    Feature record: CXX_FEATURE:1cxx_user_literals
    Feature record: CXX_FEATURE:0cxx_variable_templates
    Feature record: CXX_FEATURE:1cxx_variadic_macros
    Feature record: CXX_FEATURE:1cxx_variadic_templates


Detecting CXX [-std=c++98] compiler features compiled with the following output:
Change Dir: /Users/pranavsu/Documents/fixed_open_source/apl-viewhost-android/discovery/.cxx/cmake/release/armeabi-v7a/CMakeFiles/CMakeTmp

Run Build Command:"/Users/pranavsu/Library/Android/sdk/cmake/3.10.2.4988404/bin/ninja" "cmTC_f9ac1"
[1/2] Building CXX object CMakeFiles/cmTC_f9ac1.dir/feature_tests.cxx.o
[2/2] Linking CXX executable cmTC_f9ac1


    Feature record: CXX_FEATURE:0cxx_aggregate_default_initializers
    Feature record: CXX_FEATURE:1cxx_alias_templates
    Feature record: CXX_FEATURE:1cxx_alignas
    Feature record: CXX_FEATURE:1cxx_alignof
    Feature record: CXX_FEATURE:1cxx_attributes
    Feature record: CXX_FEATURE:0cxx_attribute_deprecated
    Feature record: CXX_FEATURE:1cxx_auto_type
    Feature record: CXX_FEATURE:0cxx_binary_literals
    Feature record: CXX_FEATURE:1cxx_constexpr
    Feature record: CXX_FEATURE:0cxx_contextual_conversions
    Feature record: CXX_FEATURE:1cxx_decltype
    Feature record: CXX_FEATURE:0cxx_decltype_auto
    Feature record: CXX_FEATURE:1cxx_decltype_incomplete_return_types
    Feature record: CXX_FEATURE:1cxx_default_function_template_args
    Feature record: CXX_FEATURE:1cxx_defaulted_functions
    Feature record: CXX_FEATURE:1cxx_defaulted_move_initializers
    Feature record: CXX_FEATURE:1cxx_delegating_constructors
    Feature record: CXX_FEATURE:1cxx_deleted_functions
    Feature record: CXX_FEATURE:0cxx_digit_separators
    Feature record: CXX_FEATURE:1cxx_enum_forward_declarations
    Feature record: CXX_FEATURE:1cxx_explicit_conversions
    Feature record: CXX_FEATURE:1cxx_extended_friend_declarations
    Feature record: CXX_FEATURE:1cxx_extern_templates
    Feature record: CXX_FEATURE:1cxx_final
    Feature record: CXX_FEATURE:1cxx_func_identifier
    Feature record: CXX_FEATURE:1cxx_generalized_initializers
    Feature record: CXX_FEATURE:0cxx_generic_lambdas
    Feature record: CXX_FEATURE:1cxx_inheriting_constructors
    Feature record: CXX_FEATURE:1cxx_inline_namespaces
    Feature record: CXX_FEATURE:1cxx_lambdas
    Feature record: CXX_FEATURE:0cxx_lambda_init_captures
    Feature record: CXX_FEATURE:1cxx_local_type_template_args
    Feature record: CXX_FEATURE:1cxx_long_long_type
    Feature record: CXX_FEATURE:1cxx_noexcept
    Feature record: CXX_FEATURE:1cxx_nonstatic_member_init
    Feature record: CXX_FEATURE:1cxx_nullptr
    Feature record: CXX_FEATURE:1cxx_override
    Feature record: CXX_FEATURE:1cxx_range_for
    Feature record: CXX_FEATURE:1cxx_raw_string_literals
    Feature record: CXX_FEATURE:1cxx_reference_qualified_functions
    Feature record: CXX_FEATURE:0cxx_relaxed_constexpr
    Feature record: CXX_FEATURE:0cxx_return_type_deduction
    Feature record: CXX_FEATURE:1cxx_right_angle_brackets
    Feature record: CXX_FEATURE:1cxx_rvalue_references
    Feature record: CXX_FEATURE:1cxx_sizeof_member
    Feature record: CXX_FEATURE:1cxx_static_assert
    Feature record: CXX_FEATURE:1cxx_strong_enums
    Feature record: CXX_FEATURE:1cxx_template_template_parameters
    Feature record: CXX_FEATURE:1cxx_thread_local
    Feature record: CXX_FEATURE:1cxx_trailing_return_types
    Feature record: CXX_FEATURE:1cxx_unicode_literals
    Feature record: CXX_FEATURE:1cxx_uniform_initialization
    Feature record: CXX_FEATURE:1cxx_unrestricted_unions
    Feature record: CXX_FEATURE:1cxx_user_literals
    Feature record: CXX_FEATURE:0cxx_variable_templates
    Feature record: CXX_FEATURE:1cxx_variadic_macros
    Feature record: CXX_FEATURE:1cxx_variadic_templates
